2022-09-05 08:43:47.511  INFO 9644 --- [main] c.l.ecommerce.EcommerceApplication       : Starting EcommerceApplication using Java 17.0.2 on DESKTOP-ESOKVGP with PID 9644 (D:\Estudos\Letscocode\Web\CRUD-API-Spring-Exercicio\target\classes started by Mota in D:\Estudos\Letscocode\Web\CRUD-API-Spring-Exercicio)
2022-09-05 08:43:47.521  INFO 9644 --- [main] c.l.ecommerce.EcommerceApplication       : No active profile set, falling back to 1 default profile: "default"
2022-09-05 08:43:48.062  INFO 9644 --- [main] .s.d.r.c.RepositoryConfigurationDelegate : Bootstrapping Spring Data JPA repositories in DEFAULT mode.
2022-09-05 08:43:48.116  INFO 9644 --- [main] .s.d.r.c.RepositoryConfigurationDelegate : Finished Spring Data repository scanning in 46 ms. Found 1 JPA repository interfaces.
2022-09-05 08:43:48.765  INFO 9644 --- [main] o.s.b.w.embedded.tomcat.TomcatWebServer  : Tomcat initialized with port(s): 8080 (http)
2022-09-05 08:43:48.780  INFO 9644 --- [main] o.apache.catalina.core.StandardService   : Starting service [Tomcat]
2022-09-05 08:43:48.781  INFO 9644 --- [main] org.apache.catalina.core.StandardEngine  : Starting Servlet engine: [Apache Tomcat/9.0.65]
2022-09-05 08:43:48.916  INFO 9644 --- [main] o.a.c.c.C.[Tomcat].[localhost].[/]       : Initializing Spring embedded WebApplicationContext
2022-09-05 08:43:48.917  INFO 9644 --- [main] w.s.c.ServletWebServerApplicationContext : Root WebApplicationContext: initialization completed in 1346 ms
2022-09-05 08:43:48.963  INFO 9644 --- [main] com.zaxxer.hikari.HikariDataSource       : HikariPool-1 - Starting...
2022-09-05 08:43:49.149  INFO 9644 --- [main] com.zaxxer.hikari.HikariDataSource       : HikariPool-1 - Start completed.
2022-09-05 08:43:49.163  INFO 9644 --- [main] o.s.b.a.h2.H2ConsoleAutoConfiguration    : H2 console available at '/h2-console'. Database available at 'jdbc:h2:mem:moviesbattle'
2022-09-05 08:43:49.329  INFO 9644 --- [main] o.hibernate.jpa.internal.util.LogHelper  : HHH000204: Processing PersistenceUnitInfo [name: default]
2022-09-05 08:43:49.416  INFO 9644 --- [main] org.hibernate.Version                    : HHH000412: Hibernate ORM core version 5.6.10.Final
2022-09-05 08:43:49.896  INFO 9644 --- [main] o.hibernate.annotations.common.Version   : HCANN000001: Hibernate Commons Annotations {5.1.2.Final}
2022-09-05 08:43:50.078  INFO 9644 --- [main] org.hibernate.dialect.Dialect            : HHH000400: Using dialect: org.hibernate.dialect.H2Dialect
2022-09-05 08:43:50.371  INFO 9644 --- [main] org.hibernate.tuple.PojoInstantiator     : HHH000182: No default (no-argument) constructor for class: com.letscode.ecommerce.models.Produto (class must be instantiated by Interceptor)
2022-09-05 08:43:50.582  INFO 9644 --- [main] o.h.e.t.j.p.i.JtaPlatformInitiator       : HHH000490: Using JtaPlatform implementation: [org.hibernate.engine.transaction.jta.platform.internal.NoJtaPlatform]
2022-09-05 08:43:50.590  INFO 9644 --- [main] j.LocalContainerEntityManagerFactoryBean : Initialized JPA EntityManagerFactory for persistence unit 'default'
2022-09-05 08:43:50.598  WARN 9644 --- [main] ConfigServletWebServerApplicationContext : Exception encountered during context initialization - cancelling refresh attempt: org.springframework.beans.factory.UnsatisfiedDependencyException: Error creating bean with name 'produtoResources': Unsatisfied dependency expressed through field 'produtoService'; nested exception is org.springframework.beans.factory.NoSuchBeanDefinitionException: No qualifying bean of type 'com.letscode.ecommerce.services.ProdutoService' available: expected at least 1 bean which qualifies as autowire candidate. Dependency annotations: {@org.springframework.beans.factory.annotation.Autowired(required=true)}
2022-09-05 08:43:50.599  INFO 9644 --- [main] j.LocalContainerEntityManagerFactoryBean : Closing JPA EntityManagerFactory for persistence unit 'default'
2022-09-05 08:43:50.599  INFO 9644 --- [main] .SchemaDropperImpl$DelayedDropActionImpl : HHH000477: Starting delayed evictData of schema as part of SessionFactory shut-down'
2022-09-05 08:43:50.605  INFO 9644 --- [main] com.zaxxer.hikari.HikariDataSource       : HikariPool-1 - Shutdown initiated...
2022-09-05 08:43:50.609  INFO 9644 --- [main] com.zaxxer.hikari.HikariDataSource       : HikariPool-1 - Shutdown completed.
2022-09-05 08:43:50.611  INFO 9644 --- [main] o.apache.catalina.core.StandardService   : Stopping service [Tomcat]
2022-09-05 08:43:50.621  INFO 9644 --- [main] ConditionEvaluationReportLoggingListener : 

Error starting ApplicationContext. To display the conditions report re-run your application with 'debug' enabled.
2022-09-05 08:43:50.636 ERROR 9644 --- [main] o.s.b.d.LoggingFailureAnalysisReporter   : 

***************************
APPLICATION FAILED TO START
***************************

Description:

Field produtoService in com.letscode.ecommerce.resources.ProdutoResources required a bean of type 'com.letscode.ecommerce.services.ProdutoService' that could not be found.

The injection point has the following annotations:
	- @org.springframework.beans.factory.annotation.Autowired(required=true)


Action:

Consider defining a bean of type 'com.letscode.ecommerce.services.ProdutoService' in your configuration.

2022-09-05 08:46:44.678  INFO 3172 --- [main] c.l.ecommerce.EcommerceApplication       : Starting EcommerceApplication using Java 17.0.2 on DESKTOP-ESOKVGP with PID 3172 (D:\Estudos\Letscocode\Web\CRUD-API-Spring-Exercicio\target\classes started by Mota in D:\Estudos\Letscocode\Web\CRUD-API-Spring-Exercicio)
2022-09-05 08:46:44.681  INFO 3172 --- [main] c.l.ecommerce.EcommerceApplication       : No active profile set, falling back to 1 default profile: "default"
2022-09-05 08:46:45.185  INFO 3172 --- [main] .s.d.r.c.RepositoryConfigurationDelegate : Bootstrapping Spring Data JPA repositories in DEFAULT mode.
2022-09-05 08:46:45.226  INFO 3172 --- [main] .s.d.r.c.RepositoryConfigurationDelegate : Finished Spring Data repository scanning in 33 ms. Found 1 JPA repository interfaces.
2022-09-05 08:46:45.638  INFO 3172 --- [main] o.s.b.w.embedded.tomcat.TomcatWebServer  : Tomcat initialized with port(s): 8080 (http)
2022-09-05 08:46:45.647  INFO 3172 --- [main] o.apache.catalina.core.StandardService   : Starting service [Tomcat]
2022-09-05 08:46:45.648  INFO 3172 --- [main] org.apache.catalina.core.StandardEngine  : Starting Servlet engine: [Apache Tomcat/9.0.65]
2022-09-05 08:46:45.731  INFO 3172 --- [main] o.a.c.c.C.[Tomcat].[localhost].[/]       : Initializing Spring embedded WebApplicationContext
2022-09-05 08:46:45.732  INFO 3172 --- [main] w.s.c.ServletWebServerApplicationContext : Root WebApplicationContext: initialization completed in 1007 ms
2022-09-05 08:46:45.759  INFO 3172 --- [main] com.zaxxer.hikari.HikariDataSource       : HikariPool-1 - Starting...
2022-09-05 08:46:45.889  INFO 3172 --- [main] com.zaxxer.hikari.HikariDataSource       : HikariPool-1 - Start completed.
2022-09-05 08:46:45.903  INFO 3172 --- [main] o.s.b.a.h2.H2ConsoleAutoConfiguration    : H2 console available at '/h2-console'. Database available at 'jdbc:h2:mem:moviesbattle'
2022-09-05 08:46:46.018  INFO 3172 --- [main] o.hibernate.jpa.internal.util.LogHelper  : HHH000204: Processing PersistenceUnitInfo [name: default]
2022-09-05 08:46:46.058  INFO 3172 --- [main] org.hibernate.Version                    : HHH000412: Hibernate ORM core version 5.6.10.Final
2022-09-05 08:46:46.177  INFO 3172 --- [main] o.hibernate.annotations.common.Version   : HCANN000001: Hibernate Commons Annotations {5.1.2.Final}
2022-09-05 08:46:46.264  INFO 3172 --- [main] org.hibernate.dialect.Dialect            : HHH000400: Using dialect: org.hibernate.dialect.H2Dialect
2022-09-05 08:46:46.484  INFO 3172 --- [main] org.hibernate.tuple.PojoInstantiator     : HHH000182: No default (no-argument) constructor for class: com.letscode.ecommerce.models.Produto (class must be instantiated by Interceptor)
2022-09-05 08:46:46.673  INFO 3172 --- [main] o.h.e.t.j.p.i.JtaPlatformInitiator       : HHH000490: Using JtaPlatform implementation: [org.hibernate.engine.transaction.jta.platform.internal.NoJtaPlatform]
2022-09-05 08:46:46.680  INFO 3172 --- [main] j.LocalContainerEntityManagerFactoryBean : Initialized JPA EntityManagerFactory for persistence unit 'default'
2022-09-05 08:46:46.688  WARN 3172 --- [main] ConfigServletWebServerApplicationContext : Exception encountered during context initialization - cancelling refresh attempt: org.springframework.beans.factory.UnsatisfiedDependencyException: Error creating bean with name 'produtoResources': Unsatisfied dependency expressed through field 'produtoService'; nested exception is org.springframework.beans.factory.NoSuchBeanDefinitionException: No qualifying bean of type 'com.letscode.ecommerce.services.ProdutoService' available: expected at least 1 bean which qualifies as autowire candidate. Dependency annotations: {@org.springframework.beans.factory.annotation.Autowired(required=true)}
2022-09-05 08:46:46.689  INFO 3172 --- [main] j.LocalContainerEntityManagerFactoryBean : Closing JPA EntityManagerFactory for persistence unit 'default'
2022-09-05 08:46:46.690  INFO 3172 --- [main] .SchemaDropperImpl$DelayedDropActionImpl : HHH000477: Starting delayed evictData of schema as part of SessionFactory shut-down'
2022-09-05 08:46:46.695  INFO 3172 --- [main] com.zaxxer.hikari.HikariDataSource       : HikariPool-1 - Shutdown initiated...
2022-09-05 08:46:46.697  INFO 3172 --- [main] com.zaxxer.hikari.HikariDataSource       : HikariPool-1 - Shutdown completed.
2022-09-05 08:46:46.699  INFO 3172 --- [main] o.apache.catalina.core.StandardService   : Stopping service [Tomcat]
2022-09-05 08:46:46.708  INFO 3172 --- [main] ConditionEvaluationReportLoggingListener : 

Error starting ApplicationContext. To display the conditions report re-run your application with 'debug' enabled.
2022-09-05 08:46:46.721 ERROR 3172 --- [main] o.s.b.d.LoggingFailureAnalysisReporter   : 

***************************
APPLICATION FAILED TO START
***************************

Description:

Field produtoService in com.letscode.ecommerce.resources.ProdutoResources required a bean of type 'com.letscode.ecommerce.services.ProdutoService' that could not be found.

The injection point has the following annotations:
	- @org.springframework.beans.factory.annotation.Autowired(required=true)


Action:

Consider defining a bean of type 'com.letscode.ecommerce.services.ProdutoService' in your configuration.

2022-09-05 08:47:10.278  INFO 2908 --- [main] c.l.ecommerce.EcommerceApplication       : Starting EcommerceApplication using Java 17.0.2 on DESKTOP-ESOKVGP with PID 2908 (D:\Estudos\Letscocode\Web\CRUD-API-Spring-Exercicio\target\classes started by Mota in D:\Estudos\Letscocode\Web\CRUD-API-Spring-Exercicio)
2022-09-05 08:47:10.281  INFO 2908 --- [main] c.l.ecommerce.EcommerceApplication       : No active profile set, falling back to 1 default profile: "default"
2022-09-05 08:47:10.748  INFO 2908 --- [main] .s.d.r.c.RepositoryConfigurationDelegate : Bootstrapping Spring Data JPA repositories in DEFAULT mode.
2022-09-05 08:47:10.791  INFO 2908 --- [main] .s.d.r.c.RepositoryConfigurationDelegate : Finished Spring Data repository scanning in 35 ms. Found 1 JPA repository interfaces.
2022-09-05 08:47:11.211  INFO 2908 --- [main] o.s.b.w.embedded.tomcat.TomcatWebServer  : Tomcat initialized with port(s): 8080 (http)
2022-09-05 08:47:11.220  INFO 2908 --- [main] o.apache.catalina.core.StandardService   : Starting service [Tomcat]
2022-09-05 08:47:11.221  INFO 2908 --- [main] org.apache.catalina.core.StandardEngine  : Starting Servlet engine: [Apache Tomcat/9.0.65]
2022-09-05 08:47:11.307  INFO 2908 --- [main] o.a.c.c.C.[Tomcat].[localhost].[/]       : Initializing Spring embedded WebApplicationContext
2022-09-05 08:47:11.308  INFO 2908 --- [main] w.s.c.ServletWebServerApplicationContext : Root WebApplicationContext: initialization completed in 984 ms
2022-09-05 08:47:11.333  INFO 2908 --- [main] com.zaxxer.hikari.HikariDataSource       : HikariPool-1 - Starting...
2022-09-05 08:47:11.462  INFO 2908 --- [main] com.zaxxer.hikari.HikariDataSource       : HikariPool-1 - Start completed.
2022-09-05 08:47:11.477  INFO 2908 --- [main] o.s.b.a.h2.H2ConsoleAutoConfiguration    : H2 console available at '/h2-console'. Database available at 'jdbc:h2:mem:moviesbattle'
2022-09-05 08:47:11.593  INFO 2908 --- [main] o.hibernate.jpa.internal.util.LogHelper  : HHH000204: Processing PersistenceUnitInfo [name: default]
2022-09-05 08:47:11.632  INFO 2908 --- [main] org.hibernate.Version                    : HHH000412: Hibernate ORM core version 5.6.10.Final
2022-09-05 08:47:11.754  INFO 2908 --- [main] o.hibernate.annotations.common.Version   : HCANN000001: Hibernate Commons Annotations {5.1.2.Final}
2022-09-05 08:47:11.839  INFO 2908 --- [main] org.hibernate.dialect.Dialect            : HHH000400: Using dialect: org.hibernate.dialect.H2Dialect
2022-09-05 08:47:12.061  INFO 2908 --- [main] org.hibernate.tuple.PojoInstantiator     : HHH000182: No default (no-argument) constructor for class: com.letscode.ecommerce.models.Produto (class must be instantiated by Interceptor)
2022-09-05 08:47:12.251  INFO 2908 --- [main] o.h.e.t.j.p.i.JtaPlatformInitiator       : HHH000490: Using JtaPlatform implementation: [org.hibernate.engine.transaction.jta.platform.internal.NoJtaPlatform]
2022-09-05 08:47:12.259  INFO 2908 --- [main] j.LocalContainerEntityManagerFactoryBean : Initialized JPA EntityManagerFactory for persistence unit 'default'
2022-09-05 08:47:12.267  WARN 2908 --- [main] ConfigServletWebServerApplicationContext : Exception encountered during context initialization - cancelling refresh attempt: org.springframework.beans.factory.UnsatisfiedDependencyException: Error creating bean with name 'produtoResources': Unsatisfied dependency expressed through field 'produtoService'; nested exception is org.springframework.beans.factory.NoSuchBeanDefinitionException: No qualifying bean of type 'com.letscode.ecommerce.services.ProdutoService' available: expected at least 1 bean which qualifies as autowire candidate. Dependency annotations: {@org.springframework.beans.factory.annotation.Autowired(required=true)}
2022-09-05 08:47:12.268  INFO 2908 --- [main] j.LocalContainerEntityManagerFactoryBean : Closing JPA EntityManagerFactory for persistence unit 'default'
2022-09-05 08:47:12.268  INFO 2908 --- [main] .SchemaDropperImpl$DelayedDropActionImpl : HHH000477: Starting delayed evictData of schema as part of SessionFactory shut-down'
2022-09-05 08:47:12.273  INFO 2908 --- [main] com.zaxxer.hikari.HikariDataSource       : HikariPool-1 - Shutdown initiated...
2022-09-05 08:47:12.276  INFO 2908 --- [main] com.zaxxer.hikari.HikariDataSource       : HikariPool-1 - Shutdown completed.
2022-09-05 08:47:12.278  INFO 2908 --- [main] o.apache.catalina.core.StandardService   : Stopping service [Tomcat]
2022-09-05 08:47:12.288  INFO 2908 --- [main] ConditionEvaluationReportLoggingListener : 

Error starting ApplicationContext. To display the conditions report re-run your application with 'debug' enabled.
2022-09-05 08:47:12.303 ERROR 2908 --- [main] o.s.b.d.LoggingFailureAnalysisReporter   : 

***************************
APPLICATION FAILED TO START
***************************

Description:

Field produtoService in com.letscode.ecommerce.resources.ProdutoResources required a bean of type 'com.letscode.ecommerce.services.ProdutoService' that could not be found.

The injection point has the following annotations:
	- @org.springframework.beans.factory.annotation.Autowired(required=true)


Action:

Consider defining a bean of type 'com.letscode.ecommerce.services.ProdutoService' in your configuration.

2022-09-05 08:47:27.926  INFO 8564 --- [main] c.l.ecommerce.EcommerceApplication       : Starting EcommerceApplication using Java 17.0.2 on DESKTOP-ESOKVGP with PID 8564 (D:\Estudos\Letscocode\Web\CRUD-API-Spring-Exercicio\target\classes started by Mota in D:\Estudos\Letscocode\Web\CRUD-API-Spring-Exercicio)
2022-09-05 08:47:27.928  INFO 8564 --- [main] c.l.ecommerce.EcommerceApplication       : No active profile set, falling back to 1 default profile: "default"
2022-09-05 08:47:28.402  INFO 8564 --- [main] .s.d.r.c.RepositoryConfigurationDelegate : Bootstrapping Spring Data JPA repositories in DEFAULT mode.
2022-09-05 08:47:28.444  INFO 8564 --- [main] .s.d.r.c.RepositoryConfigurationDelegate : Finished Spring Data repository scanning in 35 ms. Found 1 JPA repository interfaces.
2022-09-05 08:47:28.874  INFO 8564 --- [main] o.s.b.w.embedded.tomcat.TomcatWebServer  : Tomcat initialized with port(s): 8080 (http)
2022-09-05 08:47:28.884  INFO 8564 --- [main] o.apache.catalina.core.StandardService   : Starting service [Tomcat]
2022-09-05 08:47:28.885  INFO 8564 --- [main] org.apache.catalina.core.StandardEngine  : Starting Servlet engine: [Apache Tomcat/9.0.65]
2022-09-05 08:47:28.971  INFO 8564 --- [main] o.a.c.c.C.[Tomcat].[localhost].[/]       : Initializing Spring embedded WebApplicationContext
2022-09-05 08:47:28.972  INFO 8564 --- [main] w.s.c.ServletWebServerApplicationContext : Root WebApplicationContext: initialization completed in 999 ms
2022-09-05 08:47:28.998  INFO 8564 --- [main] com.zaxxer.hikari.HikariDataSource       : HikariPool-1 - Starting...
2022-09-05 08:47:29.128  INFO 8564 --- [main] com.zaxxer.hikari.HikariDataSource       : HikariPool-1 - Start completed.
2022-09-05 08:47:29.136  INFO 8564 --- [main] o.s.b.a.h2.H2ConsoleAutoConfiguration    : H2 console available at '/h2-console'. Database available at 'jdbc:h2:mem:moviesbattle'
2022-09-05 08:47:29.255  INFO 8564 --- [main] o.hibernate.jpa.internal.util.LogHelper  : HHH000204: Processing PersistenceUnitInfo [name: default]
2022-09-05 08:47:29.295  INFO 8564 --- [main] org.hibernate.Version                    : HHH000412: Hibernate ORM core version 5.6.10.Final
2022-09-05 08:47:29.413  INFO 8564 --- [main] o.hibernate.annotations.common.Version   : HCANN000001: Hibernate Commons Annotations {5.1.2.Final}
2022-09-05 08:47:29.501  INFO 8564 --- [main] org.hibernate.dialect.Dialect            : HHH000400: Using dialect: org.hibernate.dialect.H2Dialect
2022-09-05 08:47:29.730  INFO 8564 --- [main] org.hibernate.tuple.PojoInstantiator     : HHH000182: No default (no-argument) constructor for class: com.letscode.ecommerce.models.Produto (class must be instantiated by Interceptor)
2022-09-05 08:47:29.922  INFO 8564 --- [main] o.h.e.t.j.p.i.JtaPlatformInitiator       : HHH000490: Using JtaPlatform implementation: [org.hibernate.engine.transaction.jta.platform.internal.NoJtaPlatform]
2022-09-05 08:47:29.929  INFO 8564 --- [main] j.LocalContainerEntityManagerFactoryBean : Initialized JPA EntityManagerFactory for persistence unit 'default'
2022-09-05 08:47:29.937  WARN 8564 --- [main] ConfigServletWebServerApplicationContext : Exception encountered during context initialization - cancelling refresh attempt: org.springframework.beans.factory.UnsatisfiedDependencyException: Error creating bean with name 'produtoResources': Unsatisfied dependency expressed through field 'produtoService'; nested exception is org.springframework.beans.factory.NoSuchBeanDefinitionException: No qualifying bean of type 'com.letscode.ecommerce.services.ProdutoService' available: expected at least 1 bean which qualifies as autowire candidate. Dependency annotations: {@org.springframework.beans.factory.annotation.Autowired(required=true)}
2022-09-05 08:47:29.938  INFO 8564 --- [main] j.LocalContainerEntityManagerFactoryBean : Closing JPA EntityManagerFactory for persistence unit 'default'
2022-09-05 08:47:29.939  INFO 8564 --- [main] .SchemaDropperImpl$DelayedDropActionImpl : HHH000477: Starting delayed evictData of schema as part of SessionFactory shut-down'
2022-09-05 08:47:29.943  INFO 8564 --- [main] com.zaxxer.hikari.HikariDataSource       : HikariPool-1 - Shutdown initiated...
2022-09-05 08:47:29.945  INFO 8564 --- [main] com.zaxxer.hikari.HikariDataSource       : HikariPool-1 - Shutdown completed.
2022-09-05 08:47:29.948  INFO 8564 --- [main] o.apache.catalina.core.StandardService   : Stopping service [Tomcat]
2022-09-05 08:47:29.957  INFO 8564 --- [main] ConditionEvaluationReportLoggingListener : 

Error starting ApplicationContext. To display the conditions report re-run your application with 'debug' enabled.
2022-09-05 08:47:29.971 ERROR 8564 --- [main] o.s.b.d.LoggingFailureAnalysisReporter   : 

***************************
APPLICATION FAILED TO START
***************************

Description:

Field produtoService in com.letscode.ecommerce.resources.ProdutoResources required a bean of type 'com.letscode.ecommerce.services.ProdutoService' that could not be found.

The injection point has the following annotations:
	- @org.springframework.beans.factory.annotation.Autowired(required=true)


Action:

Consider defining a bean of type 'com.letscode.ecommerce.services.ProdutoService' in your configuration.

2022-09-05 08:50:47.451  INFO 5596 --- [main] c.l.ecommerce.EcommerceApplication       : Starting EcommerceApplication using Java 17.0.2 on DESKTOP-ESOKVGP with PID 5596 (D:\Estudos\Letscocode\Web\CRUD-API-Spring-Exercicio\target\classes started by Mota in D:\Estudos\Letscocode\Web\CRUD-API-Spring-Exercicio)
2022-09-05 08:50:47.456  INFO 5596 --- [main] c.l.ecommerce.EcommerceApplication       : No active profile set, falling back to 1 default profile: "default"
2022-09-05 08:50:47.933  INFO 5596 --- [main] .s.d.r.c.RepositoryConfigurationDelegate : Bootstrapping Spring Data JPA repositories in DEFAULT mode.
2022-09-05 08:50:47.976  INFO 5596 --- [main] .s.d.r.c.RepositoryConfigurationDelegate : Finished Spring Data repository scanning in 36 ms. Found 1 JPA repository interfaces.
2022-09-05 08:50:48.386  INFO 5596 --- [main] o.s.b.w.embedded.tomcat.TomcatWebServer  : Tomcat initialized with port(s): 8080 (http)
2022-09-05 08:50:48.396  INFO 5596 --- [main] o.apache.catalina.core.StandardService   : Starting service [Tomcat]
2022-09-05 08:50:48.396  INFO 5596 --- [main] org.apache.catalina.core.StandardEngine  : Starting Servlet engine: [Apache Tomcat/9.0.65]
2022-09-05 08:50:48.485  INFO 5596 --- [main] o.a.c.c.C.[Tomcat].[localhost].[/]       : Initializing Spring embedded WebApplicationContext
2022-09-05 08:50:48.486  INFO 5596 --- [main] w.s.c.ServletWebServerApplicationContext : Root WebApplicationContext: initialization completed in 979 ms
2022-09-05 08:50:48.511  INFO 5596 --- [main] com.zaxxer.hikari.HikariDataSource       : HikariPool-1 - Starting...
2022-09-05 08:50:48.646  INFO 5596 --- [main] com.zaxxer.hikari.HikariDataSource       : HikariPool-1 - Start completed.
2022-09-05 08:50:48.655  INFO 5596 --- [main] o.s.b.a.h2.H2ConsoleAutoConfiguration    : H2 console available at '/h2-console'. Database available at 'jdbc:h2:mem:moviesbattle'
2022-09-05 08:50:48.775  INFO 5596 --- [main] o.hibernate.jpa.internal.util.LogHelper  : HHH000204: Processing PersistenceUnitInfo [name: default]
2022-09-05 08:50:48.818  INFO 5596 --- [main] org.hibernate.Version                    : HHH000412: Hibernate ORM core version 5.6.10.Final
2022-09-05 08:50:48.943  INFO 5596 --- [main] o.hibernate.annotations.common.Version   : HCANN000001: Hibernate Commons Annotations {5.1.2.Final}
2022-09-05 08:50:49.037  INFO 5596 --- [main] org.hibernate.dialect.Dialect            : HHH000400: Using dialect: org.hibernate.dialect.H2Dialect
2022-09-05 08:50:49.270  INFO 5596 --- [main] org.hibernate.tuple.PojoInstantiator     : HHH000182: No default (no-argument) constructor for class: com.letscode.ecommerce.models.Produto (class must be instantiated by Interceptor)
2022-09-05 08:50:49.481  INFO 5596 --- [main] o.h.e.t.j.p.i.JtaPlatformInitiator       : HHH000490: Using JtaPlatform implementation: [org.hibernate.engine.transaction.jta.platform.internal.NoJtaPlatform]
2022-09-05 08:50:49.488  INFO 5596 --- [main] j.LocalContainerEntityManagerFactoryBean : Initialized JPA EntityManagerFactory for persistence unit 'default'
2022-09-05 08:50:49.498  WARN 5596 --- [main] ConfigServletWebServerApplicationContext : Exception encountered during context initialization - cancelling refresh attempt: org.springframework.beans.factory.UnsatisfiedDependencyException: Error creating bean with name 'produtoResources': Unsatisfied dependency expressed through field 'produtoService'; nested exception is org.springframework.beans.factory.NoSuchBeanDefinitionException: No qualifying bean of type 'com.letscode.ecommerce.services.ProdutoService' available: expected at least 1 bean which qualifies as autowire candidate. Dependency annotations: {@org.springframework.beans.factory.annotation.Autowired(required=true)}
2022-09-05 08:50:49.499  INFO 5596 --- [main] j.LocalContainerEntityManagerFactoryBean : Closing JPA EntityManagerFactory for persistence unit 'default'
2022-09-05 08:50:49.499  INFO 5596 --- [main] .SchemaDropperImpl$DelayedDropActionImpl : HHH000477: Starting delayed evictData of schema as part of SessionFactory shut-down'
2022-09-05 08:50:49.504  INFO 5596 --- [main] com.zaxxer.hikari.HikariDataSource       : HikariPool-1 - Shutdown initiated...
2022-09-05 08:50:49.506  INFO 5596 --- [main] com.zaxxer.hikari.HikariDataSource       : HikariPool-1 - Shutdown completed.
2022-09-05 08:50:49.510  INFO 5596 --- [main] o.apache.catalina.core.StandardService   : Stopping service [Tomcat]
2022-09-05 08:50:49.519  INFO 5596 --- [main] ConditionEvaluationReportLoggingListener : 

Error starting ApplicationContext. To display the conditions report re-run your application with 'debug' enabled.
2022-09-05 08:50:49.533 ERROR 5596 --- [main] o.s.b.d.LoggingFailureAnalysisReporter   : 

***************************
APPLICATION FAILED TO START
***************************

Description:

Field produtoService in com.letscode.ecommerce.resources.ProdutoResources required a bean of type 'com.letscode.ecommerce.services.ProdutoService' that could not be found.

The injection point has the following annotations:
	- @org.springframework.beans.factory.annotation.Autowired(required=true)


Action:

Consider defining a bean of type 'com.letscode.ecommerce.services.ProdutoService' in your configuration.

2022-09-05 08:51:20.805  INFO 14676 --- [main] c.l.ecommerce.EcommerceApplication       : Starting EcommerceApplication using Java 17.0.2 on DESKTOP-ESOKVGP with PID 14676 (D:\Estudos\Letscocode\Web\CRUD-API-Spring-Exercicio\target\classes started by Mota in D:\Estudos\Letscocode\Web\CRUD-API-Spring-Exercicio)
2022-09-05 08:51:20.808  INFO 14676 --- [main] c.l.ecommerce.EcommerceApplication       : No active profile set, falling back to 1 default profile: "default"
2022-09-05 08:51:21.315  INFO 14676 --- [main] .s.d.r.c.RepositoryConfigurationDelegate : Bootstrapping Spring Data JPA repositories in DEFAULT mode.
2022-09-05 08:51:21.372  INFO 14676 --- [main] .s.d.r.c.RepositoryConfigurationDelegate : Finished Spring Data repository scanning in 44 ms. Found 1 JPA repository interfaces.
2022-09-05 08:51:21.864  INFO 14676 --- [main] o.s.b.w.embedded.tomcat.TomcatWebServer  : Tomcat initialized with port(s): 8080 (http)
2022-09-05 08:51:21.874  INFO 14676 --- [main] o.apache.catalina.core.StandardService   : Starting service [Tomcat]
2022-09-05 08:51:21.875  INFO 14676 --- [main] org.apache.catalina.core.StandardEngine  : Starting Servlet engine: [Apache Tomcat/9.0.65]
2022-09-05 08:51:21.967  INFO 14676 --- [main] o.a.c.c.C.[Tomcat].[localhost].[/]       : Initializing Spring embedded WebApplicationContext
2022-09-05 08:51:21.967  INFO 14676 --- [main] w.s.c.ServletWebServerApplicationContext : Root WebApplicationContext: initialization completed in 1110 ms
2022-09-05 08:51:21.994  INFO 14676 --- [main] com.zaxxer.hikari.HikariDataSource       : HikariPool-1 - Starting...
2022-09-05 08:51:22.129  INFO 14676 --- [main] com.zaxxer.hikari.HikariDataSource       : HikariPool-1 - Start completed.
2022-09-05 08:51:22.138  INFO 14676 --- [main] o.s.b.a.h2.H2ConsoleAutoConfiguration    : H2 console available at '/h2-console'. Database available at 'jdbc:h2:mem:moviesbattle'
2022-09-05 08:51:22.268  INFO 14676 --- [main] o.hibernate.jpa.internal.util.LogHelper  : HHH000204: Processing PersistenceUnitInfo [name: default]
2022-09-05 08:51:22.311  INFO 14676 --- [main] org.hibernate.Version                    : HHH000412: Hibernate ORM core version 5.6.10.Final
2022-09-05 08:51:22.432  INFO 14676 --- [main] o.hibernate.annotations.common.Version   : HCANN000001: Hibernate Commons Annotations {5.1.2.Final}
2022-09-05 08:51:22.523  INFO 14676 --- [main] org.hibernate.dialect.Dialect            : HHH000400: Using dialect: org.hibernate.dialect.H2Dialect
2022-09-05 08:51:22.747  INFO 14676 --- [main] org.hibernate.tuple.PojoInstantiator     : HHH000182: No default (no-argument) constructor for class: com.letscode.ecommerce.models.Produto (class must be instantiated by Interceptor)
2022-09-05 08:51:22.945  INFO 14676 --- [main] o.h.e.t.j.p.i.JtaPlatformInitiator       : HHH000490: Using JtaPlatform implementation: [org.hibernate.engine.transaction.jta.platform.internal.NoJtaPlatform]
2022-09-05 08:51:22.953  INFO 14676 --- [main] j.LocalContainerEntityManagerFactoryBean : Initialized JPA EntityManagerFactory for persistence unit 'default'
2022-09-05 08:51:23.232  WARN 14676 --- [main] JpaBaseConfiguration$JpaWebConfiguration : spring.jpa.open-in-view is enabled by default. Therefore, database queries may be performed during view rendering. Explicitly configure spring.jpa.open-in-view to disable this warning
2022-09-05 08:51:23.805  INFO 14676 --- [main] o.s.b.w.embedded.tomcat.TomcatWebServer  : Tomcat started on port(s): 8080 (http) with context path ''
2022-09-05 08:51:23.813  INFO 14676 --- [main] c.l.ecommerce.EcommerceApplication       : Started EcommerceApplication in 3.342 seconds (JVM running for 3.651)
2022-09-05 08:51:51.536  INFO 14676 --- [http-nio-8080-exec-1] o.a.c.c.C.[Tomcat].[localhost].[/]       : Initializing Spring DispatcherServlet 'dispatcherServlet'
2022-09-05 08:51:51.536  INFO 14676 --- [http-nio-8080-exec-1] o.s.web.servlet.DispatcherServlet        : Initializing Servlet 'dispatcherServlet'
2022-09-05 08:51:51.537  INFO 14676 --- [http-nio-8080-exec-1] o.s.web.servlet.DispatcherServlet        : Completed initialization in 0 ms
2022-09-05 08:51:51.560 ERROR 14676 --- [http-nio-8080-exec-1] c.l.ecommerce.resources.HelloEndpoints   : Não consegui
2022-09-05 08:51:51.560  INFO 14676 --- [http-nio-8080-exec-1] c.l.ecommerce.resources.HelloEndpoints   : Informação aqui
2022-09-05 08:51:51.560  WARN 14676 --- [http-nio-8080-exec-1] c.l.ecommerce.resources.HelloEndpoints   : Essa caveira significa prerigo!
2022-09-05 08:58:22.681  INFO 7656 --- [main] c.l.ecommerce.EcommerceApplication       : Starting EcommerceApplication using Java 17.0.2 on DESKTOP-ESOKVGP with PID 7656 (D:\Estudos\Letscocode\Web\CRUD-API-Spring-Exercicio\target\classes started by Mota in D:\Estudos\Letscocode\Web\CRUD-API-Spring-Exercicio)
2022-09-05 08:58:22.684  INFO 7656 --- [main] c.l.ecommerce.EcommerceApplication       : No active profile set, falling back to 1 default profile: "default"
2022-09-05 08:58:23.236  INFO 7656 --- [main] .s.d.r.c.RepositoryConfigurationDelegate : Bootstrapping Spring Data JPA repositories in DEFAULT mode.
2022-09-05 08:58:23.281  INFO 7656 --- [main] .s.d.r.c.RepositoryConfigurationDelegate : Finished Spring Data repository scanning in 37 ms. Found 1 JPA repository interfaces.
2022-09-05 08:58:23.721  INFO 7656 --- [main] o.s.b.w.embedded.tomcat.TomcatWebServer  : Tomcat initialized with port(s): 8080 (http)
2022-09-05 08:58:23.730  INFO 7656 --- [main] o.apache.catalina.core.StandardService   : Starting service [Tomcat]
2022-09-05 08:58:23.730  INFO 7656 --- [main] org.apache.catalina.core.StandardEngine  : Starting Servlet engine: [Apache Tomcat/9.0.65]
2022-09-05 08:58:23.821  INFO 7656 --- [main] o.a.c.c.C.[Tomcat].[localhost].[/]       : Initializing Spring embedded WebApplicationContext
2022-09-05 08:58:23.822  INFO 7656 --- [main] w.s.c.ServletWebServerApplicationContext : Root WebApplicationContext: initialization completed in 1093 ms
2022-09-05 08:58:23.848  INFO 7656 --- [main] com.zaxxer.hikari.HikariDataSource       : HikariPool-1 - Starting...
2022-09-05 08:58:23.981  INFO 7656 --- [main] com.zaxxer.hikari.HikariDataSource       : HikariPool-1 - Start completed.
2022-09-05 08:58:23.989  INFO 7656 --- [main] o.s.b.a.h2.H2ConsoleAutoConfiguration    : H2 console available at '/h2-console'. Database available at 'jdbc:h2:mem:moviesbattle'
2022-09-05 08:58:24.114  INFO 7656 --- [main] o.hibernate.jpa.internal.util.LogHelper  : HHH000204: Processing PersistenceUnitInfo [name: default]
2022-09-05 08:58:24.158  INFO 7656 --- [main] org.hibernate.Version                    : HHH000412: Hibernate ORM core version 5.6.10.Final
2022-09-05 08:58:24.290  INFO 7656 --- [main] o.hibernate.annotations.common.Version   : HCANN000001: Hibernate Commons Annotations {5.1.2.Final}
2022-09-05 08:58:24.385  INFO 7656 --- [main] org.hibernate.dialect.Dialect            : HHH000400: Using dialect: org.hibernate.dialect.H2Dialect
2022-09-05 08:58:24.615  INFO 7656 --- [main] org.hibernate.tuple.PojoInstantiator     : HHH000182: No default (no-argument) constructor for class: com.letscode.ecommerce.models.Produto (class must be instantiated by Interceptor)
2022-09-05 08:58:24.810  INFO 7656 --- [main] o.h.e.t.j.p.i.JtaPlatformInitiator       : HHH000490: Using JtaPlatform implementation: [org.hibernate.engine.transaction.jta.platform.internal.NoJtaPlatform]
2022-09-05 08:58:24.818  INFO 7656 --- [main] j.LocalContainerEntityManagerFactoryBean : Initialized JPA EntityManagerFactory for persistence unit 'default'
2022-09-05 08:58:25.092  WARN 7656 --- [main] JpaBaseConfiguration$JpaWebConfiguration : spring.jpa.open-in-view is enabled by default. Therefore, database queries may be performed during view rendering. Explicitly configure spring.jpa.open-in-view to disable this warning
2022-09-05 08:58:25.641  INFO 7656 --- [main] o.s.b.w.embedded.tomcat.TomcatWebServer  : Tomcat started on port(s): 8080 (http) with context path ''
2022-09-05 08:58:25.649  INFO 7656 --- [main] c.l.ecommerce.EcommerceApplication       : Started EcommerceApplication in 3.294 seconds (JVM running for 3.566)
2022-09-05 08:58:48.960  INFO 7656 --- [http-nio-8080-exec-1] o.a.c.c.C.[Tomcat].[localhost].[/]       : Initializing Spring DispatcherServlet 'dispatcherServlet'
2022-09-05 08:58:48.961  INFO 7656 --- [http-nio-8080-exec-1] o.s.web.servlet.DispatcherServlet        : Initializing Servlet 'dispatcherServlet'
2022-09-05 08:58:48.962  INFO 7656 --- [http-nio-8080-exec-1] o.s.web.servlet.DispatcherServlet        : Completed initialization in 1 ms
2022-09-05 08:58:54.464 ERROR 7656 --- [http-nio-8080-exec-2] c.l.ecommerce.resources.HelloEndpoints   : Não consegui
2022-09-05 08:58:54.465  INFO 7656 --- [http-nio-8080-exec-2] c.l.ecommerce.resources.HelloEndpoints   : Informação aqui
2022-09-05 08:58:54.465  WARN 7656 --- [http-nio-8080-exec-2] c.l.ecommerce.resources.HelloEndpoints   : Essa caveira significa prerigo!
2022-09-05 08:59:36.692  WARN 7656 --- [http-nio-8080-exec-4] .w.s.m.s.DefaultHandlerExceptionResolver : Resolved [org.springframework.web.HttpRequestMethodNotSupportedException: Request method 'GET' not supported]
2022-09-05 09:03:19.996  INFO 7656 --- [SpringApplicationShutdownHook] j.LocalContainerEntityManagerFactoryBean : Closing JPA EntityManagerFactory for persistence unit 'default'
2022-09-05 09:03:19.997  INFO 7656 --- [SpringApplicationShutdownHook] .SchemaDropperImpl$DelayedDropActionImpl : HHH000477: Starting delayed evictData of schema as part of SessionFactory shut-down'
2022-09-05 09:03:20.001  INFO 7656 --- [SpringApplicationShutdownHook] com.zaxxer.hikari.HikariDataSource       : HikariPool-1 - Shutdown initiated...
2022-09-05 09:03:20.003  INFO 7656 --- [SpringApplicationShutdownHook] com.zaxxer.hikari.HikariDataSource       : HikariPool-1 - Shutdown completed.
2022-09-05 09:03:25.798  INFO 14816 --- [main] c.l.ecommerce.EcommerceApplication       : Starting EcommerceApplication using Java 17.0.2 on DESKTOP-ESOKVGP with PID 14816 (D:\Estudos\Letscocode\Web\CRUD-API-Spring-Exercicio\target\classes started by Mota in D:\Estudos\Letscocode\Web\CRUD-API-Spring-Exercicio)
2022-09-05 09:03:25.800  INFO 14816 --- [main] c.l.ecommerce.EcommerceApplication       : No active profile set, falling back to 1 default profile: "default"
2022-09-05 09:03:26.277  INFO 14816 --- [main] .s.d.r.c.RepositoryConfigurationDelegate : Bootstrapping Spring Data JPA repositories in DEFAULT mode.
2022-09-05 09:03:26.318  INFO 14816 --- [main] .s.d.r.c.RepositoryConfigurationDelegate : Finished Spring Data repository scanning in 33 ms. Found 1 JPA repository interfaces.
2022-09-05 09:03:26.754  INFO 14816 --- [main] o.s.b.w.embedded.tomcat.TomcatWebServer  : Tomcat initialized with port(s): 8080 (http)
2022-09-05 09:03:26.765  INFO 14816 --- [main] o.apache.catalina.core.StandardService   : Starting service [Tomcat]
2022-09-05 09:03:26.766  INFO 14816 --- [main] org.apache.catalina.core.StandardEngine  : Starting Servlet engine: [Apache Tomcat/9.0.65]
2022-09-05 09:03:26.853  INFO 14816 --- [main] o.a.c.c.C.[Tomcat].[localhost].[/]       : Initializing Spring embedded WebApplicationContext
2022-09-05 09:03:26.854  INFO 14816 --- [main] w.s.c.ServletWebServerApplicationContext : Root WebApplicationContext: initialization completed in 1008 ms
2022-09-05 09:03:26.897  INFO 14816 --- [main] com.zaxxer.hikari.HikariDataSource       : HikariPool-1 - Starting...
2022-09-05 09:03:27.029  INFO 14816 --- [main] com.zaxxer.hikari.HikariDataSource       : HikariPool-1 - Start completed.
2022-09-05 09:03:27.039  INFO 14816 --- [main] o.s.b.a.h2.H2ConsoleAutoConfiguration    : H2 console available at '/h2-console'. Database available at 'jdbc:h2:mem:moviesbattle'
2022-09-05 09:03:27.173  INFO 14816 --- [main] o.hibernate.jpa.internal.util.LogHelper  : HHH000204: Processing PersistenceUnitInfo [name: default]
2022-09-05 09:03:27.217  INFO 14816 --- [main] org.hibernate.Version                    : HHH000412: Hibernate ORM core version 5.6.10.Final
2022-09-05 09:03:27.340  INFO 14816 --- [main] o.hibernate.annotations.common.Version   : HCANN000001: Hibernate Commons Annotations {5.1.2.Final}
2022-09-05 09:03:27.428  INFO 14816 --- [main] org.hibernate.dialect.Dialect            : HHH000400: Using dialect: org.hibernate.dialect.H2Dialect
2022-09-05 09:03:27.653  INFO 14816 --- [main] org.hibernate.tuple.PojoInstantiator     : HHH000182: No default (no-argument) constructor for class: com.letscode.ecommerce.models.Produto (class must be instantiated by Interceptor)
2022-09-05 09:03:27.847  INFO 14816 --- [main] o.h.e.t.j.p.i.JtaPlatformInitiator       : HHH000490: Using JtaPlatform implementation: [org.hibernate.engine.transaction.jta.platform.internal.NoJtaPlatform]
2022-09-05 09:03:27.854  INFO 14816 --- [main] j.LocalContainerEntityManagerFactoryBean : Initialized JPA EntityManagerFactory for persistence unit 'default'
2022-09-05 09:03:28.123  WARN 14816 --- [main] JpaBaseConfiguration$JpaWebConfiguration : spring.jpa.open-in-view is enabled by default. Therefore, database queries may be performed during view rendering. Explicitly configure spring.jpa.open-in-view to disable this warning
2022-09-05 09:03:28.663  INFO 14816 --- [main] o.s.b.w.embedded.tomcat.TomcatWebServer  : Tomcat started on port(s): 8080 (http) with context path ''
2022-09-05 09:03:28.671  INFO 14816 --- [main] c.l.ecommerce.EcommerceApplication       : Started EcommerceApplication in 3.197 seconds (JVM running for 3.463)
2022-09-05 09:03:36.062  INFO 14816 --- [http-nio-8080-exec-1] o.a.c.c.C.[Tomcat].[localhost].[/]       : Initializing Spring DispatcherServlet 'dispatcherServlet'
2022-09-05 09:03:36.063  INFO 14816 --- [http-nio-8080-exec-1] o.s.web.servlet.DispatcherServlet        : Initializing Servlet 'dispatcherServlet'
2022-09-05 09:03:36.064  INFO 14816 --- [http-nio-8080-exec-1] o.s.web.servlet.DispatcherServlet        : Completed initialization in 1 ms
2022-09-05 09:03:36.087  WARN 14816 --- [http-nio-8080-exec-1] .w.s.m.s.DefaultHandlerExceptionResolver : Resolved [org.springframework.http.converter.HttpMessageNotReadableException: Required request body is missing: public org.springframework.http.ResponseEntity<java.lang.String> com.letscode.ecommerce.resources.ProdutoResources.criarProduto(com.letscode.ecommerce.dto.ProdutoDto)]
2022-09-05 09:04:15.896  WARN 14816 --- [http-nio-8080-exec-2] .w.s.m.s.DefaultHandlerExceptionResolver : Resolved [org.springframework.http.converter.HttpMessageNotReadableException: JSON parse error: Unexpected character ('n' (code 110)): was expecting double-quote to start field name; nested exception is com.fasterxml.jackson.core.JsonParseException: Unexpected character ('n' (code 110)): was expecting double-quote to start field name<EOL> at [Source: (org.springframework.util.StreamUtils$NonClosingInputStream); line: 2, column: 4]]
2022-09-05 09:04:37.480  WARN 14816 --- [http-nio-8080-exec-3] .w.s.m.s.DefaultHandlerExceptionResolver : Resolved [org.springframework.http.converter.HttpMessageNotReadableException: JSON parse error: Unexpected character ('{' (code 123)): was expecting double-quote to start field name; nested exception is com.fasterxml.jackson.core.JsonParseException: Unexpected character ('{' (code 123)): was expecting double-quote to start field name<EOL> at [Source: (org.springframework.util.StreamUtils$NonClosingInputStream); line: 2, column: 2]]
2022-09-05 09:05:45.826  WARN 14816 --- [http-nio-8080-exec-8] .w.s.m.s.DefaultHandlerExceptionResolver : Resolved [org.springframework.web.HttpMediaTypeNotSupportedException: Content type 'application/x-www-form-urlencoded;charset=UTF-8' not supported]
2022-09-05 09:05:53.540  WARN 14816 --- [http-nio-8080-exec-10] .w.s.m.s.DefaultHandlerExceptionResolver : Resolved [org.springframework.web.HttpMediaTypeNotSupportedException: Content type 'application/x-www-form-urlencoded;charset=UTF-8' not supported]
2022-09-05 09:06:04.109  WARN 14816 --- [http-nio-8080-exec-7] .w.s.m.s.DefaultHandlerExceptionResolver : Resolved [org.springframework.web.HttpMediaTypeNotSupportedException: Content type 'application/x-www-form-urlencoded;charset=UTF-8' not supported]
2022-09-05 09:08:57.018  WARN 14816 --- [http-nio-8080-exec-6] .w.s.m.s.DefaultHandlerExceptionResolver : Resolved [org.springframework.web.HttpMediaTypeNotSupportedException: Content type 'application/x-www-form-urlencoded;charset=UTF-8' not supported]
2022-09-05 09:10:05.453  INFO 14816 --- [SpringApplicationShutdownHook] j.LocalContainerEntityManagerFactoryBean : Closing JPA EntityManagerFactory for persistence unit 'default'
2022-09-05 09:10:05.453  INFO 14816 --- [SpringApplicationShutdownHook] .SchemaDropperImpl$DelayedDropActionImpl : HHH000477: Starting delayed evictData of schema as part of SessionFactory shut-down'
2022-09-05 09:10:05.458  INFO 14816 --- [SpringApplicationShutdownHook] com.zaxxer.hikari.HikariDataSource       : HikariPool-1 - Shutdown initiated...
2022-09-05 09:10:05.460  INFO 14816 --- [SpringApplicationShutdownHook] com.zaxxer.hikari.HikariDataSource       : HikariPool-1 - Shutdown completed.
2022-09-05 09:10:10.544  INFO 15436 --- [main] c.l.ecommerce.EcommerceApplication       : Starting EcommerceApplication using Java 17.0.2 on DESKTOP-ESOKVGP with PID 15436 (D:\Estudos\Letscocode\Web\CRUD-API-Spring-Exercicio\target\classes started by Mota in D:\Estudos\Letscocode\Web\CRUD-API-Spring-Exercicio)
2022-09-05 09:10:10.546  INFO 15436 --- [main] c.l.ecommerce.EcommerceApplication       : No active profile set, falling back to 1 default profile: "default"
2022-09-05 09:10:11.039  INFO 15436 --- [main] .s.d.r.c.RepositoryConfigurationDelegate : Bootstrapping Spring Data JPA repositories in DEFAULT mode.
2022-09-05 09:10:11.081  INFO 15436 --- [main] .s.d.r.c.RepositoryConfigurationDelegate : Finished Spring Data repository scanning in 34 ms. Found 1 JPA repository interfaces.
2022-09-05 09:10:11.508  INFO 15436 --- [main] o.s.b.w.embedded.tomcat.TomcatWebServer  : Tomcat initialized with port(s): 8080 (http)
2022-09-05 09:10:11.516  INFO 15436 --- [main] o.apache.catalina.core.StandardService   : Starting service [Tomcat]
2022-09-05 09:10:11.516  INFO 15436 --- [main] org.apache.catalina.core.StandardEngine  : Starting Servlet engine: [Apache Tomcat/9.0.65]
2022-09-05 09:10:11.602  INFO 15436 --- [main] o.a.c.c.C.[Tomcat].[localhost].[/]       : Initializing Spring embedded WebApplicationContext
2022-09-05 09:10:11.603  INFO 15436 --- [main] w.s.c.ServletWebServerApplicationContext : Root WebApplicationContext: initialization completed in 1011 ms
2022-09-05 09:10:11.629  INFO 15436 --- [main] com.zaxxer.hikari.HikariDataSource       : HikariPool-1 - Starting...
2022-09-05 09:10:11.759  INFO 15436 --- [main] com.zaxxer.hikari.HikariDataSource       : HikariPool-1 - Start completed.
2022-09-05 09:10:11.768  INFO 15436 --- [main] o.s.b.a.h2.H2ConsoleAutoConfiguration    : H2 console available at '/h2-console'. Database available at 'jdbc:h2:mem:moviesbattle'
2022-09-05 09:10:11.890  INFO 15436 --- [main] o.hibernate.jpa.internal.util.LogHelper  : HHH000204: Processing PersistenceUnitInfo [name: default]
2022-09-05 09:10:11.933  INFO 15436 --- [main] org.hibernate.Version                    : HHH000412: Hibernate ORM core version 5.6.10.Final
2022-09-05 09:10:12.064  INFO 15436 --- [main] o.hibernate.annotations.common.Version   : HCANN000001: Hibernate Commons Annotations {5.1.2.Final}
2022-09-05 09:10:12.167  INFO 15436 --- [main] org.hibernate.dialect.Dialect            : HHH000400: Using dialect: org.hibernate.dialect.H2Dialect
2022-09-05 09:10:12.404  INFO 15436 --- [main] org.hibernate.tuple.PojoInstantiator     : HHH000182: No default (no-argument) constructor for class: com.letscode.ecommerce.models.Produto (class must be instantiated by Interceptor)
2022-09-05 09:10:12.603  INFO 15436 --- [main] o.h.e.t.j.p.i.JtaPlatformInitiator       : HHH000490: Using JtaPlatform implementation: [org.hibernate.engine.transaction.jta.platform.internal.NoJtaPlatform]
2022-09-05 09:10:12.611  INFO 15436 --- [main] j.LocalContainerEntityManagerFactoryBean : Initialized JPA EntityManagerFactory for persistence unit 'default'
2022-09-05 09:10:12.879  WARN 15436 --- [main] JpaBaseConfiguration$JpaWebConfiguration : spring.jpa.open-in-view is enabled by default. Therefore, database queries may be performed during view rendering. Explicitly configure spring.jpa.open-in-view to disable this warning
2022-09-05 09:10:13.450  INFO 15436 --- [main] o.s.b.w.embedded.tomcat.TomcatWebServer  : Tomcat started on port(s): 8080 (http) with context path ''
2022-09-05 09:10:13.458  INFO 15436 --- [main] c.l.ecommerce.EcommerceApplication       : Started EcommerceApplication in 3.252 seconds (JVM running for 3.519)
2022-09-05 09:10:59.192  INFO 15436 --- [http-nio-8080-exec-1] o.a.c.c.C.[Tomcat].[localhost].[/]       : Initializing Spring DispatcherServlet 'dispatcherServlet'
2022-09-05 09:10:59.193  INFO 15436 --- [http-nio-8080-exec-1] o.s.web.servlet.DispatcherServlet        : Initializing Servlet 'dispatcherServlet'
2022-09-05 09:10:59.194  INFO 15436 --- [http-nio-8080-exec-1] o.s.web.servlet.DispatcherServlet        : Completed initialization in 1 ms
2022-09-05 09:12:17.660 ERROR 15436 --- [http-nio-8080-exec-2] o.a.c.c.C.[.[.[/].[dispatcherServlet]    : Servlet.service() for servlet [dispatcherServlet] in context with path [] threw exception [Request processing failed; nested exception is org.springframework.orm.jpa.JpaSystemException: No default constructor for entity:  : com.letscode.ecommerce.models.Produto; nested exception is org.hibernate.InstantiationException: No default constructor for entity:  : com.letscode.ecommerce.models.Produto] with root cause

org.hibernate.InstantiationException: No default constructor for entity:  : com.letscode.ecommerce.models.Produto
	at org.hibernate.tuple.PojoInstantiator.instantiate(PojoInstantiator.java:85) ~[hibernate-core-5.6.10.Final.jar:5.6.10.Final]
	at org.hibernate.tuple.PojoInstantiator.instantiate(PojoInstantiator.java:105) ~[hibernate-core-5.6.10.Final.jar:5.6.10.Final]
	at org.hibernate.tuple.entity.AbstractEntityTuplizer.instantiate(AbstractEntityTuplizer.java:705) ~[hibernate-core-5.6.10.Final.jar:5.6.10.Final]
	at org.hibernate.persister.entity.AbstractEntityPersister.instantiate(AbstractEntityPersister.java:5295) ~[hibernate-core-5.6.10.Final.jar:5.6.10.Final]
	at org.hibernate.internal.SessionImpl.instantiate(SessionImpl.java:1643) ~[hibernate-core-5.6.10.Final.jar:5.6.10.Final]
	at org.hibernate.loader.Loader.instanceNotYetLoaded(Loader.java:1774) ~[hibernate-core-5.6.10.Final.jar:5.6.10.Final]
	at org.hibernate.loader.Loader.getRow(Loader.java:1624) ~[hibernate-core-5.6.10.Final.jar:5.6.10.Final]
	at org.hibernate.loader.Loader.getRowFromResultSet(Loader.java:748) ~[hibernate-core-5.6.10.Final.jar:5.6.10.Final]
	at org.hibernate.loader.Loader.getRowsFromResultSet(Loader.java:1047) ~[hibernate-core-5.6.10.Final.jar:5.6.10.Final]
	at org.hibernate.loader.Loader.processResultSet(Loader.java:998) ~[hibernate-core-5.6.10.Final.jar:5.6.10.Final]
	at org.hibernate.loader.Loader.doQuery(Loader.java:967) ~[hibernate-core-5.6.10.Final.jar:5.6.10.Final]
	at org.hibernate.loader.Loader.doQueryAndInitializeNonLazyCollections(Loader.java:357) ~[hibernate-core-5.6.10.Final.jar:5.6.10.Final]
	at org.hibernate.loader.Loader.doList(Loader.java:2868) ~[hibernate-core-5.6.10.Final.jar:5.6.10.Final]
	at org.hibernate.loader.Loader.doList(Loader.java:2850) ~[hibernate-core-5.6.10.Final.jar:5.6.10.Final]
	at org.hibernate.loader.Loader.listIgnoreQueryCache(Loader.java:2682) ~[hibernate-core-5.6.10.Final.jar:5.6.10.Final]
	at org.hibernate.loader.Loader.list(Loader.java:2677) ~[hibernate-core-5.6.10.Final.jar:5.6.10.Final]
	at org.hibernate.loader.hql.QueryLoader.list(QueryLoader.java:540) ~[hibernate-core-5.6.10.Final.jar:5.6.10.Final]
	at org.hibernate.hql.internal.ast.QueryTranslatorImpl.list(QueryTranslatorImpl.java:400) ~[hibernate-core-5.6.10.Final.jar:5.6.10.Final]
	at org.hibernate.engine.query.spi.HQLQueryPlan.performList(HQLQueryPlan.java:219) ~[hibernate-core-5.6.10.Final.jar:5.6.10.Final]
	at org.hibernate.internal.SessionImpl.list(SessionImpl.java:1459) ~[hibernate-core-5.6.10.Final.jar:5.6.10.Final]
	at org.hibernate.query.internal.AbstractProducedQuery.doList(AbstractProducedQuery.java:1649) ~[hibernate-core-5.6.10.Final.jar:5.6.10.Final]
	at org.hibernate.query.internal.AbstractProducedQuery.list(AbstractProducedQuery.java:1617) ~[hibernate-core-5.6.10.Final.jar:5.6.10.Final]
	at org.hibernate.query.Query.getResultList(Query.java:165) ~[hibernate-core-5.6.10.Final.jar:5.6.10.Final]
	at org.hibernate.query.criteria.internal.compile.CriteriaQueryTypeQueryAdapter.getResultList(CriteriaQueryTypeQueryAdapter.java:76) ~[hibernate-core-5.6.10.Final.jar:5.6.10.Final]
	at org.springframework.data.jpa.repository.support.SimpleJpaRepository.findAll(SimpleJpaRepository.java:418) ~[spring-data-jpa-2.6.6.jar:2.6.6]
	at org.springframework.data.jpa.repository.support.SimpleJpaRepository.findAll(SimpleJpaRepository.java:87) ~[spring-data-jpa-2.6.6.jar:2.6.6]
	at java.base/jdk.internal.reflect.NativeMethodAccessorImpl.invoke0(Native Method) ~[na:na]
	at java.base/jdk.internal.reflect.NativeMethodAccessorImpl.invoke(NativeMethodAccessorImpl.java:77) ~[na:na]
	at java.base/jdk.internal.reflect.DelegatingMethodAccessorImpl.invoke(DelegatingMethodAccessorImpl.java:43) ~[na:na]
	at java.base/java.lang.reflect.Method.invoke(Method.java:568) ~[na:na]
	at org.springframework.data.repository.core.support.RepositoryMethodInvoker$RepositoryFragmentMethodInvoker.lambda$new$0(RepositoryMethodInvoker.java:289) ~[spring-data-commons-2.6.6.jar:2.6.6]
	at org.springframework.data.repository.core.support.RepositoryMethodInvoker.doInvoke(RepositoryMethodInvoker.java:137) ~[spring-data-commons-2.6.6.jar:2.6.6]
	at org.springframework.data.repository.core.support.RepositoryMethodInvoker.invoke(RepositoryMethodInvoker.java:121) ~[spring-data-commons-2.6.6.jar:2.6.6]
	at org.springframework.data.repository.core.support.RepositoryComposition$RepositoryFragments.invoke(RepositoryComposition.java:530) ~[spring-data-commons-2.6.6.jar:2.6.6]
	at org.springframework.data.repository.core.support.RepositoryComposition.invoke(RepositoryComposition.java:286) ~[spring-data-commons-2.6.6.jar:2.6.6]
	at org.springframework.data.repository.core.support.RepositoryFactorySupport$ImplementationMethodExecutionInterceptor.invoke(RepositoryFactorySupport.java:640) ~[spring-data-commons-2.6.6.jar:2.6.6]
	at org.springframework.aop.framework.ReflectiveMethodInvocation.proceed(ReflectiveMethodInvocation.java:186) ~[spring-aop-5.3.22.jar:5.3.22]
	at org.springframework.data.repository.core.support.QueryExecutorMethodInterceptor.doInvoke(QueryExecutorMethodInterceptor.java:164) ~[spring-data-commons-2.6.6.jar:2.6.6]
	at org.springframework.data.repository.core.support.QueryExecutorMethodInterceptor.invoke(QueryExecutorMethodInterceptor.java:139) ~[spring-data-commons-2.6.6.jar:2.6.6]
	at org.springframework.aop.framework.ReflectiveMethodInvocation.proceed(ReflectiveMethodInvocation.java:186) ~[spring-aop-5.3.22.jar:5.3.22]
	at org.springframework.data.projection.DefaultMethodInvokingMethodInterceptor.invoke(DefaultMethodInvokingMethodInterceptor.java:81) ~[spring-data-commons-2.6.6.jar:2.6.6]
	at org.springframework.aop.framework.ReflectiveMethodInvocation.proceed(ReflectiveMethodInvocation.java:186) ~[spring-aop-5.3.22.jar:5.3.22]
	at org.springframework.transaction.interceptor.TransactionInterceptor$1.proceedWithInvocation(TransactionInterceptor.java:123) ~[spring-tx-5.3.22.jar:5.3.22]
	at org.springframework.transaction.interceptor.TransactionAspectSupport.invokeWithinTransaction(TransactionAspectSupport.java:388) ~[spring-tx-5.3.22.jar:5.3.22]
	at org.springframework.transaction.interceptor.TransactionInterceptor.invoke(TransactionInterceptor.java:119) ~[spring-tx-5.3.22.jar:5.3.22]
	at org.springframework.aop.framework.ReflectiveMethodInvocation.proceed(ReflectiveMethodInvocation.java:186) ~[spring-aop-5.3.22.jar:5.3.22]
	at org.springframework.dao.support.PersistenceExceptionTranslationInterceptor.invoke(PersistenceExceptionTranslationInterceptor.java:137) ~[spring-tx-5.3.22.jar:5.3.22]
	at org.springframework.aop.framework.ReflectiveMethodInvocation.proceed(ReflectiveMethodInvocation.java:186) ~[spring-aop-5.3.22.jar:5.3.22]
	at org.springframework.data.jpa.repository.support.CrudMethodMetadataPostProcessor$CrudMethodMetadataPopulatingMethodInterceptor.invoke(CrudMethodMetadataPostProcessor.java:174) ~[spring-data-jpa-2.6.6.jar:2.6.6]
	at org.springframework.aop.framework.ReflectiveMethodInvocation.proceed(ReflectiveMethodInvocation.java:186) ~[spring-aop-5.3.22.jar:5.3.22]
	at org.springframework.aop.interceptor.ExposeInvocationInterceptor.invoke(ExposeInvocationInterceptor.java:97) ~[spring-aop-5.3.22.jar:5.3.22]
	at org.springframework.aop.framework.ReflectiveMethodInvocation.proceed(ReflectiveMethodInvocation.java:186) ~[spring-aop-5.3.22.jar:5.3.22]
	at org.springframework.aop.framework.JdkDynamicAopProxy.invoke(JdkDynamicAopProxy.java:215) ~[spring-aop-5.3.22.jar:5.3.22]
	at jdk.proxy2/jdk.proxy2.$Proxy96.findAll(Unknown Source) ~[na:na]
	at com.letscode.ecommerce.services.Impl.ProdutoServiceImpl.listarTodosProdutos(ProdutoServiceImpl.java:28) ~[classes/:na]
	at com.letscode.ecommerce.resources.ProdutoResources.lerProdutos(ProdutoResources.java:39) ~[classes/:na]
	at java.base/jdk.internal.reflect.NativeMethodAccessorImpl.invoke0(Native Method) ~[na:na]
	at java.base/jdk.internal.reflect.NativeMethodAccessorImpl.invoke(NativeMethodAccessorImpl.java:77) ~[na:na]
	at java.base/jdk.internal.reflect.DelegatingMethodAccessorImpl.invoke(DelegatingMethodAccessorImpl.java:43) ~[na:na]
	at java.base/java.lang.reflect.Method.invoke(Method.java:568) ~[na:na]
	at org.springframework.web.method.support.InvocableHandlerMethod.doInvoke(InvocableHandlerMethod.java:205) ~[spring-web-5.3.22.jar:5.3.22]
	at org.springframework.web.method.support.InvocableHandlerMethod.invokeForRequest(InvocableHandlerMethod.java:150) ~[spring-web-5.3.22.jar:5.3.22]
	at org.springframework.web.servlet.mvc.method.annotation.ServletInvocableHandlerMethod.invokeAndHandle(ServletInvocableHandlerMethod.java:117) ~[spring-webmvc-5.3.22.jar:5.3.22]
	at org.springframework.web.servlet.mvc.method.annotation.RequestMappingHandlerAdapter.invokeHandlerMethod(RequestMappingHandlerAdapter.java:895) ~[spring-webmvc-5.3.22.jar:5.3.22]
	at org.springframework.web.servlet.mvc.method.annotation.RequestMappingHandlerAdapter.handleInternal(RequestMappingHandlerAdapter.java:808) ~[spring-webmvc-5.3.22.jar:5.3.22]
	at org.springframework.web.servlet.mvc.method.AbstractHandlerMethodAdapter.handle(AbstractHandlerMethodAdapter.java:87) ~[spring-webmvc-5.3.22.jar:5.3.22]
	at org.springframework.web.servlet.DispatcherServlet.doDispatch(DispatcherServlet.java:1070) ~[spring-webmvc-5.3.22.jar:5.3.22]
	at org.springframework.web.servlet.DispatcherServlet.doService(DispatcherServlet.java:963) ~[spring-webmvc-5.3.22.jar:5.3.22]
	at org.springframework.web.servlet.FrameworkServlet.processRequest(FrameworkServlet.java:1006) ~[spring-webmvc-5.3.22.jar:5.3.22]
	at org.springframework.web.servlet.FrameworkServlet.doGet(FrameworkServlet.java:898) ~[spring-webmvc-5.3.22.jar:5.3.22]
	at javax.servlet.http.HttpServlet.service(HttpServlet.java:655) ~[tomcat-embed-core-9.0.65.jar:4.0.FR]
	at org.springframework.web.servlet.FrameworkServlet.service(FrameworkServlet.java:883) ~[spring-webmvc-5.3.22.jar:5.3.22]
	at javax.servlet.http.HttpServlet.service(HttpServlet.java:764) ~[tomcat-embed-core-9.0.65.jar:4.0.FR]
	at org.apache.catalina.core.ApplicationFilterChain.internalDoFilter(ApplicationFilterChain.java:227) ~[tomcat-embed-core-9.0.65.jar:9.0.65]
	at org.apache.catalina.core.ApplicationFilterChain.doFilter(ApplicationFilterChain.java:162) ~[tomcat-embed-core-9.0.65.jar:9.0.65]
	at org.apache.tomcat.websocket.server.WsFilter.doFilter(WsFilter.java:53) ~[tomcat-embed-websocket-9.0.65.jar:9.0.65]
	at org.apache.catalina.core.ApplicationFilterChain.internalDoFilter(ApplicationFilterChain.java:189) ~[tomcat-embed-core-9.0.65.jar:9.0.65]
	at org.apache.catalina.core.ApplicationFilterChain.doFilter(ApplicationFilterChain.java:162) ~[tomcat-embed-core-9.0.65.jar:9.0.65]
	at org.springframework.web.filter.RequestContextFilter.doFilterInternal(RequestContextFilter.java:100) ~[spring-web-5.3.22.jar:5.3.22]
	at org.springframework.web.filter.OncePerRequestFilter.doFilter(OncePerRequestFilter.java:117) ~[spring-web-5.3.22.jar:5.3.22]
	at org.apache.catalina.core.ApplicationFilterChain.internalDoFilter(ApplicationFilterChain.java:189) ~[tomcat-embed-core-9.0.65.jar:9.0.65]
	at org.apache.catalina.core.ApplicationFilterChain.doFilter(ApplicationFilterChain.java:162) ~[tomcat-embed-core-9.0.65.jar:9.0.65]
	at org.springframework.web.filter.FormContentFilter.doFilterInternal(FormContentFilter.java:93) ~[spring-web-5.3.22.jar:5.3.22]
	at org.springframework.web.filter.OncePerRequestFilter.doFilter(OncePerRequestFilter.java:117) ~[spring-web-5.3.22.jar:5.3.22]
	at org.apache.catalina.core.ApplicationFilterChain.internalDoFilter(ApplicationFilterChain.java:189) ~[tomcat-embed-core-9.0.65.jar:9.0.65]
	at org.apache.catalina.core.ApplicationFilterChain.doFilter(ApplicationFilterChain.java:162) ~[tomcat-embed-core-9.0.65.jar:9.0.65]
	at org.springframework.web.filter.CharacterEncodingFilter.doFilterInternal(CharacterEncodingFilter.java:201) ~[spring-web-5.3.22.jar:5.3.22]
	at org.springframework.web.filter.OncePerRequestFilter.doFilter(OncePerRequestFilter.java:117) ~[spring-web-5.3.22.jar:5.3.22]
	at org.apache.catalina.core.ApplicationFilterChain.internalDoFilter(ApplicationFilterChain.java:189) ~[tomcat-embed-core-9.0.65.jar:9.0.65]
	at org.apache.catalina.core.ApplicationFilterChain.doFilter(ApplicationFilterChain.java:162) ~[tomcat-embed-core-9.0.65.jar:9.0.65]
	at org.apache.catalina.core.StandardWrapperValve.invoke(StandardWrapperValve.java:197) ~[tomcat-embed-core-9.0.65.jar:9.0.65]
	at org.apache.catalina.core.StandardContextValve.invoke(StandardContextValve.java:97) ~[tomcat-embed-core-9.0.65.jar:9.0.65]
	at org.apache.catalina.authenticator.AuthenticatorBase.invoke(AuthenticatorBase.java:541) ~[tomcat-embed-core-9.0.65.jar:9.0.65]
	at org.apache.catalina.core.StandardHostValve.invoke(StandardHostValve.java:135) ~[tomcat-embed-core-9.0.65.jar:9.0.65]
	at org.apache.catalina.valves.ErrorReportValve.invoke(ErrorReportValve.java:92) ~[tomcat-embed-core-9.0.65.jar:9.0.65]
	at org.apache.catalina.core.StandardEngineValve.invoke(StandardEngineValve.java:78) ~[tomcat-embed-core-9.0.65.jar:9.0.65]
	at org.apache.catalina.connector.CoyoteAdapter.service(CoyoteAdapter.java:360) ~[tomcat-embed-core-9.0.65.jar:9.0.65]
	at org.apache.coyote.http11.Http11Processor.service(Http11Processor.java:399) ~[tomcat-embed-core-9.0.65.jar:9.0.65]
	at org.apache.coyote.AbstractProcessorLight.process(AbstractProcessorLight.java:65) ~[tomcat-embed-core-9.0.65.jar:9.0.65]
	at org.apache.coyote.AbstractProtocol$ConnectionHandler.process(AbstractProtocol.java:890) ~[tomcat-embed-core-9.0.65.jar:9.0.65]
	at org.apache.tomcat.util.net.NioEndpoint$SocketProcessor.doRun(NioEndpoint.java:1789) ~[tomcat-embed-core-9.0.65.jar:9.0.65]
	at org.apache.tomcat.util.net.SocketProcessorBase.run(SocketProcessorBase.java:49) ~[tomcat-embed-core-9.0.65.jar:9.0.65]
	at org.apache.tomcat.util.threads.ThreadPoolExecutor.runWorker(ThreadPoolExecutor.java:1191) ~[tomcat-embed-core-9.0.65.jar:9.0.65]
	at org.apache.tomcat.util.threads.ThreadPoolExecutor$Worker.run(ThreadPoolExecutor.java:659) ~[tomcat-embed-core-9.0.65.jar:9.0.65]
	at org.apache.tomcat.util.threads.TaskThread$WrappingRunnable.run(TaskThread.java:61) ~[tomcat-embed-core-9.0.65.jar:9.0.65]
	at java.base/java.lang.Thread.run(Thread.java:833) ~[na:na]

2022-09-05 09:13:01.162  INFO 15436 --- [SpringApplicationShutdownHook] j.LocalContainerEntityManagerFactoryBean : Closing JPA EntityManagerFactory for persistence unit 'default'
2022-09-05 09:13:01.162  INFO 15436 --- [SpringApplicationShutdownHook] .SchemaDropperImpl$DelayedDropActionImpl : HHH000477: Starting delayed evictData of schema as part of SessionFactory shut-down'
2022-09-05 09:13:01.167  INFO 15436 --- [SpringApplicationShutdownHook] com.zaxxer.hikari.HikariDataSource       : HikariPool-1 - Shutdown initiated...
2022-09-05 09:13:01.169  INFO 15436 --- [SpringApplicationShutdownHook] com.zaxxer.hikari.HikariDataSource       : HikariPool-1 - Shutdown completed.
2022-09-05 09:13:05.922  INFO 16160 --- [main] c.l.ecommerce.EcommerceApplication       : Starting EcommerceApplication using Java 17.0.2 on DESKTOP-ESOKVGP with PID 16160 (D:\Estudos\Letscocode\Web\CRUD-API-Spring-Exercicio\target\classes started by Mota in D:\Estudos\Letscocode\Web\CRUD-API-Spring-Exercicio)
2022-09-05 09:13:05.924  INFO 16160 --- [main] c.l.ecommerce.EcommerceApplication       : No active profile set, falling back to 1 default profile: "default"
2022-09-05 09:13:06.387  INFO 16160 --- [main] .s.d.r.c.RepositoryConfigurationDelegate : Bootstrapping Spring Data JPA repositories in DEFAULT mode.
2022-09-05 09:13:06.434  INFO 16160 --- [main] .s.d.r.c.RepositoryConfigurationDelegate : Finished Spring Data repository scanning in 34 ms. Found 1 JPA repository interfaces.
2022-09-05 09:13:06.884  INFO 16160 --- [main] o.s.b.w.embedded.tomcat.TomcatWebServer  : Tomcat initialized with port(s): 8080 (http)
2022-09-05 09:13:06.892  INFO 16160 --- [main] o.apache.catalina.core.StandardService   : Starting service [Tomcat]
2022-09-05 09:13:06.892  INFO 16160 --- [main] org.apache.catalina.core.StandardEngine  : Starting Servlet engine: [Apache Tomcat/9.0.65]
2022-09-05 09:13:06.982  INFO 16160 --- [main] o.a.c.c.C.[Tomcat].[localhost].[/]       : Initializing Spring embedded WebApplicationContext
2022-09-05 09:13:06.982  INFO 16160 --- [main] w.s.c.ServletWebServerApplicationContext : Root WebApplicationContext: initialization completed in 1014 ms
2022-09-05 09:13:07.009  INFO 16160 --- [main] com.zaxxer.hikari.HikariDataSource       : HikariPool-1 - Starting...
2022-09-05 09:13:07.141  INFO 16160 --- [main] com.zaxxer.hikari.HikariDataSource       : HikariPool-1 - Start completed.
2022-09-05 09:13:07.155  INFO 16160 --- [main] o.s.b.a.h2.H2ConsoleAutoConfiguration    : H2 console available at '/h2-console'. Database available at 'jdbc:h2:mem:moviesbattle'
2022-09-05 09:13:07.272  INFO 16160 --- [main] o.hibernate.jpa.internal.util.LogHelper  : HHH000204: Processing PersistenceUnitInfo [name: default]
2022-09-05 09:13:07.316  INFO 16160 --- [main] org.hibernate.Version                    : HHH000412: Hibernate ORM core version 5.6.10.Final
2022-09-05 09:13:07.440  INFO 16160 --- [main] o.hibernate.annotations.common.Version   : HCANN000001: Hibernate Commons Annotations {5.1.2.Final}
2022-09-05 09:13:07.531  INFO 16160 --- [main] org.hibernate.dialect.Dialect            : HHH000400: Using dialect: org.hibernate.dialect.H2Dialect
2022-09-05 09:13:07.937  INFO 16160 --- [main] o.h.e.t.j.p.i.JtaPlatformInitiator       : HHH000490: Using JtaPlatform implementation: [org.hibernate.engine.transaction.jta.platform.internal.NoJtaPlatform]
2022-09-05 09:13:07.945  INFO 16160 --- [main] j.LocalContainerEntityManagerFactoryBean : Initialized JPA EntityManagerFactory for persistence unit 'default'
2022-09-05 09:13:08.224  WARN 16160 --- [main] JpaBaseConfiguration$JpaWebConfiguration : spring.jpa.open-in-view is enabled by default. Therefore, database queries may be performed during view rendering. Explicitly configure spring.jpa.open-in-view to disable this warning
2022-09-05 09:13:08.774  INFO 16160 --- [main] o.s.b.w.embedded.tomcat.TomcatWebServer  : Tomcat started on port(s): 8080 (http) with context path ''
2022-09-05 09:13:08.782  INFO 16160 --- [main] c.l.ecommerce.EcommerceApplication       : Started EcommerceApplication in 3.186 seconds (JVM running for 3.456)
2022-09-05 09:13:20.028  INFO 16160 --- [http-nio-8080-exec-1] o.a.c.c.C.[Tomcat].[localhost].[/]       : Initializing Spring DispatcherServlet 'dispatcherServlet'
2022-09-05 09:13:20.028  INFO 16160 --- [http-nio-8080-exec-1] o.s.web.servlet.DispatcherServlet        : Initializing Servlet 'dispatcherServlet'
2022-09-05 09:13:20.029  INFO 16160 --- [http-nio-8080-exec-1] o.s.web.servlet.DispatcherServlet        : Completed initialization in 1 ms
2022-09-05 09:14:23.437  INFO 16160 --- [SpringApplicationShutdownHook] j.LocalContainerEntityManagerFactoryBean : Closing JPA EntityManagerFactory for persistence unit 'default'
2022-09-05 09:14:23.438  INFO 16160 --- [SpringApplicationShutdownHook] .SchemaDropperImpl$DelayedDropActionImpl : HHH000477: Starting delayed evictData of schema as part of SessionFactory shut-down'
2022-09-05 09:14:23.445  INFO 16160 --- [SpringApplicationShutdownHook] com.zaxxer.hikari.HikariDataSource       : HikariPool-1 - Shutdown initiated...
2022-09-05 09:14:23.447  INFO 16160 --- [SpringApplicationShutdownHook] com.zaxxer.hikari.HikariDataSource       : HikariPool-1 - Shutdown completed.
2022-09-05 09:14:28.030  INFO 10132 --- [main] c.l.ecommerce.EcommerceApplication       : Starting EcommerceApplication using Java 17.0.2 on DESKTOP-ESOKVGP with PID 10132 (D:\Estudos\Letscocode\Web\CRUD-API-Spring-Exercicio\target\classes started by Mota in D:\Estudos\Letscocode\Web\CRUD-API-Spring-Exercicio)
2022-09-05 09:14:28.033  INFO 10132 --- [main] c.l.ecommerce.EcommerceApplication       : No active profile set, falling back to 1 default profile: "default"
2022-09-05 09:14:28.508  INFO 10132 --- [main] .s.d.r.c.RepositoryConfigurationDelegate : Bootstrapping Spring Data JPA repositories in DEFAULT mode.
2022-09-05 09:14:28.557  INFO 10132 --- [main] .s.d.r.c.RepositoryConfigurationDelegate : Finished Spring Data repository scanning in 37 ms. Found 1 JPA repository interfaces.
2022-09-05 09:14:28.996  INFO 10132 --- [main] o.s.b.w.embedded.tomcat.TomcatWebServer  : Tomcat initialized with port(s): 8080 (http)
2022-09-05 09:14:29.007  INFO 10132 --- [main] o.apache.catalina.core.StandardService   : Starting service [Tomcat]
2022-09-05 09:14:29.008  INFO 10132 --- [main] org.apache.catalina.core.StandardEngine  : Starting Servlet engine: [Apache Tomcat/9.0.65]
2022-09-05 09:14:29.095  INFO 10132 --- [main] o.a.c.c.C.[Tomcat].[localhost].[/]       : Initializing Spring embedded WebApplicationContext
2022-09-05 09:14:29.095  INFO 10132 --- [main] w.s.c.ServletWebServerApplicationContext : Root WebApplicationContext: initialization completed in 1014 ms
2022-09-05 09:14:29.120  INFO 10132 --- [main] com.zaxxer.hikari.HikariDataSource       : HikariPool-1 - Starting...
2022-09-05 09:14:29.252  INFO 10132 --- [main] com.zaxxer.hikari.HikariDataSource       : HikariPool-1 - Start completed.
2022-09-05 09:14:29.261  INFO 10132 --- [main] o.s.b.a.h2.H2ConsoleAutoConfiguration    : H2 console available at '/h2-console'. Database available at 'jdbc:h2:mem:moviesbattle'
2022-09-05 09:14:29.384  INFO 10132 --- [main] o.hibernate.jpa.internal.util.LogHelper  : HHH000204: Processing PersistenceUnitInfo [name: default]
2022-09-05 09:14:29.427  INFO 10132 --- [main] org.hibernate.Version                    : HHH000412: Hibernate ORM core version 5.6.10.Final
2022-09-05 09:14:29.551  INFO 10132 --- [main] o.hibernate.annotations.common.Version   : HCANN000001: Hibernate Commons Annotations {5.1.2.Final}
2022-09-05 09:14:29.639  INFO 10132 --- [main] org.hibernate.dialect.Dialect            : HHH000400: Using dialect: org.hibernate.dialect.H2Dialect
2022-09-05 09:14:30.047  INFO 10132 --- [main] o.h.e.t.j.p.i.JtaPlatformInitiator       : HHH000490: Using JtaPlatform implementation: [org.hibernate.engine.transaction.jta.platform.internal.NoJtaPlatform]
2022-09-05 09:14:30.056  INFO 10132 --- [main] j.LocalContainerEntityManagerFactoryBean : Initialized JPA EntityManagerFactory for persistence unit 'default'
2022-09-05 09:14:30.366  WARN 10132 --- [main] JpaBaseConfiguration$JpaWebConfiguration : spring.jpa.open-in-view is enabled by default. Therefore, database queries may be performed during view rendering. Explicitly configure spring.jpa.open-in-view to disable this warning
2022-09-05 09:14:30.937  INFO 10132 --- [main] o.s.b.w.embedded.tomcat.TomcatWebServer  : Tomcat started on port(s): 8080 (http) with context path ''
2022-09-05 09:14:30.945  INFO 10132 --- [main] c.l.ecommerce.EcommerceApplication       : Started EcommerceApplication in 3.236 seconds (JVM running for 3.499)
2022-09-05 09:14:39.206  INFO 10132 --- [http-nio-8080-exec-1] o.a.c.c.C.[Tomcat].[localhost].[/]       : Initializing Spring DispatcherServlet 'dispatcherServlet'
2022-09-05 09:14:39.206  INFO 10132 --- [http-nio-8080-exec-1] o.s.web.servlet.DispatcherServlet        : Initializing Servlet 'dispatcherServlet'
2022-09-05 09:14:39.207  INFO 10132 --- [http-nio-8080-exec-1] o.s.web.servlet.DispatcherServlet        : Completed initialization in 1 ms
2022-09-05 09:15:12.620  INFO 10132 --- [SpringApplicationShutdownHook] j.LocalContainerEntityManagerFactoryBean : Closing JPA EntityManagerFactory for persistence unit 'default'
2022-09-05 09:15:12.620  INFO 10132 --- [SpringApplicationShutdownHook] .SchemaDropperImpl$DelayedDropActionImpl : HHH000477: Starting delayed evictData of schema as part of SessionFactory shut-down'
2022-09-05 09:15:12.625  INFO 10132 --- [SpringApplicationShutdownHook] com.zaxxer.hikari.HikariDataSource       : HikariPool-1 - Shutdown initiated...
2022-09-05 09:15:12.627  INFO 10132 --- [SpringApplicationShutdownHook] com.zaxxer.hikari.HikariDataSource       : HikariPool-1 - Shutdown completed.
2022-09-05 09:15:17.636  INFO 13100 --- [main] c.l.ecommerce.EcommerceApplication       : Starting EcommerceApplication using Java 17.0.2 on DESKTOP-ESOKVGP with PID 13100 (D:\Estudos\Letscocode\Web\CRUD-API-Spring-Exercicio\target\classes started by Mota in D:\Estudos\Letscocode\Web\CRUD-API-Spring-Exercicio)
2022-09-05 09:15:17.639  INFO 13100 --- [main] c.l.ecommerce.EcommerceApplication       : No active profile set, falling back to 1 default profile: "default"
2022-09-05 09:15:18.113  INFO 13100 --- [main] .s.d.r.c.RepositoryConfigurationDelegate : Bootstrapping Spring Data JPA repositories in DEFAULT mode.
2022-09-05 09:15:18.155  INFO 13100 --- [main] .s.d.r.c.RepositoryConfigurationDelegate : Finished Spring Data repository scanning in 33 ms. Found 1 JPA repository interfaces.
2022-09-05 09:15:18.578  INFO 13100 --- [main] o.s.b.w.embedded.tomcat.TomcatWebServer  : Tomcat initialized with port(s): 8080 (http)
2022-09-05 09:15:18.587  INFO 13100 --- [main] o.apache.catalina.core.StandardService   : Starting service [Tomcat]
2022-09-05 09:15:18.588  INFO 13100 --- [main] org.apache.catalina.core.StandardEngine  : Starting Servlet engine: [Apache Tomcat/9.0.65]
2022-09-05 09:15:18.675  INFO 13100 --- [main] o.a.c.c.C.[Tomcat].[localhost].[/]       : Initializing Spring embedded WebApplicationContext
2022-09-05 09:15:18.676  INFO 13100 --- [main] w.s.c.ServletWebServerApplicationContext : Root WebApplicationContext: initialization completed in 990 ms
2022-09-05 09:15:18.701  INFO 13100 --- [main] com.zaxxer.hikari.HikariDataSource       : HikariPool-1 - Starting...
2022-09-05 09:15:18.835  INFO 13100 --- [main] com.zaxxer.hikari.HikariDataSource       : HikariPool-1 - Start completed.
2022-09-05 09:15:18.844  INFO 13100 --- [main] o.s.b.a.h2.H2ConsoleAutoConfiguration    : H2 console available at '/h2-console'. Database available at 'jdbc:h2:mem:moviesbattle'
2022-09-05 09:15:18.970  INFO 13100 --- [main] o.hibernate.jpa.internal.util.LogHelper  : HHH000204: Processing PersistenceUnitInfo [name: default]
2022-09-05 09:15:19.010  INFO 13100 --- [main] org.hibernate.Version                    : HHH000412: Hibernate ORM core version 5.6.10.Final
2022-09-05 09:15:19.139  INFO 13100 --- [main] o.hibernate.annotations.common.Version   : HCANN000001: Hibernate Commons Annotations {5.1.2.Final}
2022-09-05 09:15:19.230  INFO 13100 --- [main] org.hibernate.dialect.Dialect            : HHH000400: Using dialect: org.hibernate.dialect.H2Dialect
2022-09-05 09:15:19.646  INFO 13100 --- [main] o.h.e.t.j.p.i.JtaPlatformInitiator       : HHH000490: Using JtaPlatform implementation: [org.hibernate.engine.transaction.jta.platform.internal.NoJtaPlatform]
2022-09-05 09:15:19.655  INFO 13100 --- [main] j.LocalContainerEntityManagerFactoryBean : Initialized JPA EntityManagerFactory for persistence unit 'default'
2022-09-05 09:15:19.957  WARN 13100 --- [main] JpaBaseConfiguration$JpaWebConfiguration : spring.jpa.open-in-view is enabled by default. Therefore, database queries may be performed during view rendering. Explicitly configure spring.jpa.open-in-view to disable this warning
2022-09-05 09:15:20.528  INFO 13100 --- [main] o.s.b.w.embedded.tomcat.TomcatWebServer  : Tomcat started on port(s): 8080 (http) with context path ''
2022-09-05 09:15:20.535  INFO 13100 --- [main] c.l.ecommerce.EcommerceApplication       : Started EcommerceApplication in 3.224 seconds (JVM running for 3.492)
2022-09-05 09:15:28.321  INFO 13100 --- [http-nio-8080-exec-1] o.a.c.c.C.[Tomcat].[localhost].[/]       : Initializing Spring DispatcherServlet 'dispatcherServlet'
2022-09-05 09:15:28.322  INFO 13100 --- [http-nio-8080-exec-1] o.s.web.servlet.DispatcherServlet        : Initializing Servlet 'dispatcherServlet'
2022-09-05 09:15:28.323  INFO 13100 --- [http-nio-8080-exec-1] o.s.web.servlet.DispatcherServlet        : Completed initialization in 1 ms
2022-09-05 09:15:41.258  INFO 13100 --- [SpringApplicationShutdownHook] j.LocalContainerEntityManagerFactoryBean : Closing JPA EntityManagerFactory for persistence unit 'default'
2022-09-05 09:15:41.259  INFO 13100 --- [SpringApplicationShutdownHook] .SchemaDropperImpl$DelayedDropActionImpl : HHH000477: Starting delayed evictData of schema as part of SessionFactory shut-down'
2022-09-05 09:15:41.264  INFO 13100 --- [SpringApplicationShutdownHook] com.zaxxer.hikari.HikariDataSource       : HikariPool-1 - Shutdown initiated...
2022-09-05 09:15:41.265  INFO 13100 --- [SpringApplicationShutdownHook] com.zaxxer.hikari.HikariDataSource       : HikariPool-1 - Shutdown completed.
2022-09-05 09:15:46.219  INFO 17456 --- [main] c.l.ecommerce.EcommerceApplication       : Starting EcommerceApplication using Java 17.0.2 on DESKTOP-ESOKVGP with PID 17456 (D:\Estudos\Letscocode\Web\CRUD-API-Spring-Exercicio\target\classes started by Mota in D:\Estudos\Letscocode\Web\CRUD-API-Spring-Exercicio)
2022-09-05 09:15:46.222  INFO 17456 --- [main] c.l.ecommerce.EcommerceApplication       : No active profile set, falling back to 1 default profile: "default"
2022-09-05 09:15:46.691  INFO 17456 --- [main] .s.d.r.c.RepositoryConfigurationDelegate : Bootstrapping Spring Data JPA repositories in DEFAULT mode.
2022-09-05 09:15:46.731  INFO 17456 --- [main] .s.d.r.c.RepositoryConfigurationDelegate : Finished Spring Data repository scanning in 32 ms. Found 1 JPA repository interfaces.
2022-09-05 09:15:47.169  INFO 17456 --- [main] o.s.b.w.embedded.tomcat.TomcatWebServer  : Tomcat initialized with port(s): 8080 (http)
2022-09-05 09:15:47.178  INFO 17456 --- [main] o.apache.catalina.core.StandardService   : Starting service [Tomcat]
2022-09-05 09:15:47.178  INFO 17456 --- [main] org.apache.catalina.core.StandardEngine  : Starting Servlet engine: [Apache Tomcat/9.0.65]
2022-09-05 09:15:47.258  INFO 17456 --- [main] o.a.c.c.C.[Tomcat].[localhost].[/]       : Initializing Spring embedded WebApplicationContext
2022-09-05 09:15:47.259  INFO 17456 --- [main] w.s.c.ServletWebServerApplicationContext : Root WebApplicationContext: initialization completed in 988 ms
2022-09-05 09:15:47.285  INFO 17456 --- [main] com.zaxxer.hikari.HikariDataSource       : HikariPool-1 - Starting...
2022-09-05 09:15:47.416  INFO 17456 --- [main] com.zaxxer.hikari.HikariDataSource       : HikariPool-1 - Start completed.
2022-09-05 09:15:47.425  INFO 17456 --- [main] o.s.b.a.h2.H2ConsoleAutoConfiguration    : H2 console available at '/h2-console'. Database available at 'jdbc:h2:mem:moviesbattle'
2022-09-05 09:15:47.548  INFO 17456 --- [main] o.hibernate.jpa.internal.util.LogHelper  : HHH000204: Processing PersistenceUnitInfo [name: default]
2022-09-05 09:15:47.590  INFO 17456 --- [main] org.hibernate.Version                    : HHH000412: Hibernate ORM core version 5.6.10.Final
2022-09-05 09:15:47.713  INFO 17456 --- [main] o.hibernate.annotations.common.Version   : HCANN000001: Hibernate Commons Annotations {5.1.2.Final}
2022-09-05 09:15:47.803  INFO 17456 --- [main] org.hibernate.dialect.Dialect            : HHH000400: Using dialect: org.hibernate.dialect.H2Dialect
2022-09-05 09:15:48.233  INFO 17456 --- [main] o.h.e.t.j.p.i.JtaPlatformInitiator       : HHH000490: Using JtaPlatform implementation: [org.hibernate.engine.transaction.jta.platform.internal.NoJtaPlatform]
2022-09-05 09:15:48.240  INFO 17456 --- [main] j.LocalContainerEntityManagerFactoryBean : Initialized JPA EntityManagerFactory for persistence unit 'default'
2022-09-05 09:15:48.518  WARN 17456 --- [main] JpaBaseConfiguration$JpaWebConfiguration : spring.jpa.open-in-view is enabled by default. Therefore, database queries may be performed during view rendering. Explicitly configure spring.jpa.open-in-view to disable this warning
2022-09-05 09:15:49.077  INFO 17456 --- [main] o.s.b.w.embedded.tomcat.TomcatWebServer  : Tomcat started on port(s): 8080 (http) with context path ''
2022-09-05 09:15:49.085  INFO 17456 --- [main] c.l.ecommerce.EcommerceApplication       : Started EcommerceApplication in 3.188 seconds (JVM running for 3.456)
2022-09-05 09:15:53.091  INFO 17456 --- [http-nio-8080-exec-1] o.a.c.c.C.[Tomcat].[localhost].[/]       : Initializing Spring DispatcherServlet 'dispatcherServlet'
2022-09-05 09:15:53.091  INFO 17456 --- [http-nio-8080-exec-1] o.s.web.servlet.DispatcherServlet        : Initializing Servlet 'dispatcherServlet'
2022-09-05 09:15:53.092  INFO 17456 --- [http-nio-8080-exec-1] o.s.web.servlet.DispatcherServlet        : Completed initialization in 0 ms
2022-09-05 09:42:59.861  INFO 17456 --- [SpringApplicationShutdownHook] j.LocalContainerEntityManagerFactoryBean : Closing JPA EntityManagerFactory for persistence unit 'default'
2022-09-05 09:42:59.862  INFO 17456 --- [SpringApplicationShutdownHook] .SchemaDropperImpl$DelayedDropActionImpl : HHH000477: Starting delayed evictData of schema as part of SessionFactory shut-down'
2022-09-05 09:42:59.867  INFO 17456 --- [SpringApplicationShutdownHook] com.zaxxer.hikari.HikariDataSource       : HikariPool-1 - Shutdown initiated...
2022-09-05 09:42:59.869  INFO 17456 --- [SpringApplicationShutdownHook] com.zaxxer.hikari.HikariDataSource       : HikariPool-1 - Shutdown completed.
2022-09-05 09:43:18.364  INFO 5148 --- [main] c.l.ecommerce.EcommerceApplication       : Starting EcommerceApplication using Java 17.0.2 on DESKTOP-ESOKVGP with PID 5148 (D:\Estudos\Letscocode\Web\CRUD-API-Spring-Exercicio\target\classes started by Mota in D:\Estudos\Letscocode\Web\CRUD-API-Spring-Exercicio)
2022-09-05 09:43:18.367  INFO 5148 --- [main] c.l.ecommerce.EcommerceApplication       : No active profile set, falling back to 1 default profile: "default"
2022-09-05 09:43:18.923  INFO 5148 --- [main] .s.d.r.c.RepositoryConfigurationDelegate : Bootstrapping Spring Data JPA repositories in DEFAULT mode.
2022-09-05 09:43:18.965  INFO 5148 --- [main] .s.d.r.c.RepositoryConfigurationDelegate : Finished Spring Data repository scanning in 34 ms. Found 1 JPA repository interfaces.
2022-09-05 09:43:19.399  INFO 5148 --- [main] o.s.b.w.embedded.tomcat.TomcatWebServer  : Tomcat initialized with port(s): 8080 (http)
2022-09-05 09:43:19.409  INFO 5148 --- [main] o.apache.catalina.core.StandardService   : Starting service [Tomcat]
2022-09-05 09:43:19.410  INFO 5148 --- [main] org.apache.catalina.core.StandardEngine  : Starting Servlet engine: [Apache Tomcat/9.0.65]
2022-09-05 09:43:19.497  INFO 5148 --- [main] o.a.c.c.C.[Tomcat].[localhost].[/]       : Initializing Spring embedded WebApplicationContext
2022-09-05 09:43:19.497  INFO 5148 --- [main] w.s.c.ServletWebServerApplicationContext : Root WebApplicationContext: initialization completed in 1084 ms
2022-09-05 09:43:19.524  INFO 5148 --- [main] com.zaxxer.hikari.HikariDataSource       : HikariPool-1 - Starting...
2022-09-05 09:43:19.652  INFO 5148 --- [main] com.zaxxer.hikari.HikariDataSource       : HikariPool-1 - Start completed.
2022-09-05 09:43:19.661  INFO 5148 --- [main] o.s.b.a.h2.H2ConsoleAutoConfiguration    : H2 console available at '/h2-console'. Database available at 'jdbc:h2:mem:moviesbattle'
2022-09-05 09:43:19.780  INFO 5148 --- [main] o.hibernate.jpa.internal.util.LogHelper  : HHH000204: Processing PersistenceUnitInfo [name: default]
2022-09-05 09:43:19.823  INFO 5148 --- [main] org.hibernate.Version                    : HHH000412: Hibernate ORM core version 5.6.10.Final
2022-09-05 09:43:19.946  INFO 5148 --- [main] o.hibernate.annotations.common.Version   : HCANN000001: Hibernate Commons Annotations {5.1.2.Final}
2022-09-05 09:43:20.039  INFO 5148 --- [main] org.hibernate.dialect.Dialect            : HHH000400: Using dialect: org.hibernate.dialect.H2Dialect
2022-09-05 09:43:20.461  INFO 5148 --- [main] o.h.e.t.j.p.i.JtaPlatformInitiator       : HHH000490: Using JtaPlatform implementation: [org.hibernate.engine.transaction.jta.platform.internal.NoJtaPlatform]
2022-09-05 09:43:20.468  INFO 5148 --- [main] j.LocalContainerEntityManagerFactoryBean : Initialized JPA EntityManagerFactory for persistence unit 'default'
2022-09-05 09:43:20.739  WARN 5148 --- [main] JpaBaseConfiguration$JpaWebConfiguration : spring.jpa.open-in-view is enabled by default. Therefore, database queries may be performed during view rendering. Explicitly configure spring.jpa.open-in-view to disable this warning
2022-09-05 09:43:21.288  INFO 5148 --- [main] o.s.b.w.embedded.tomcat.TomcatWebServer  : Tomcat started on port(s): 8080 (http) with context path ''
2022-09-05 09:43:21.296  INFO 5148 --- [main] c.l.ecommerce.EcommerceApplication       : Started EcommerceApplication in 3.25 seconds (JVM running for 3.517)
2022-09-05 09:43:27.308  INFO 5148 --- [http-nio-8080-exec-1] o.a.c.c.C.[Tomcat].[localhost].[/]       : Initializing Spring DispatcherServlet 'dispatcherServlet'
2022-09-05 09:43:27.309  INFO 5148 --- [http-nio-8080-exec-1] o.s.web.servlet.DispatcherServlet        : Initializing Servlet 'dispatcherServlet'
2022-09-05 09:43:27.310  INFO 5148 --- [http-nio-8080-exec-1] o.s.web.servlet.DispatcherServlet        : Completed initialization in 1 ms
2022-09-05 09:43:43.673  WARN 5148 --- [http-nio-8080-exec-2] .w.s.m.s.DefaultHandlerExceptionResolver : Resolved [org.springframework.http.converter.HttpMessageNotReadableException: JSON parse error: Unexpected character ('{' (code 123)): was expecting double-quote to start field name; nested exception is com.fasterxml.jackson.core.JsonParseException: Unexpected character ('{' (code 123)): was expecting double-quote to start field name<EOL> at [Source: (org.springframework.util.StreamUtils$NonClosingInputStream); line: 2, column: 2]]
2022-09-05 09:46:25.805  WARN 5148 --- [http-nio-8080-exec-2] .w.s.m.s.DefaultHandlerExceptionResolver : Resolved [org.springframework.web.HttpRequestMethodNotSupportedException: Request method 'POST' not supported]
2022-09-05 09:46:50.283  INFO 5148 --- [SpringApplicationShutdownHook] j.LocalContainerEntityManagerFactoryBean : Closing JPA EntityManagerFactory for persistence unit 'default'
2022-09-05 09:46:50.284  INFO 5148 --- [SpringApplicationShutdownHook] .SchemaDropperImpl$DelayedDropActionImpl : HHH000477: Starting delayed evictData of schema as part of SessionFactory shut-down'
2022-09-05 09:46:50.289  INFO 5148 --- [SpringApplicationShutdownHook] com.zaxxer.hikari.HikariDataSource       : HikariPool-1 - Shutdown initiated...
2022-09-05 09:46:50.291  INFO 5148 --- [SpringApplicationShutdownHook] com.zaxxer.hikari.HikariDataSource       : HikariPool-1 - Shutdown completed.
